#
# A fatal error has been detected by the Java Runtime Environment:
#
#  SIGSEGV (0xb) at pc=0x00007f0e870b3af2, pid=28463, tid=0x00007f0e617ee700
#
# JRE version: OpenJDK Runtime Environment (8.0_181-b13) (build 1.8.0_181-b13)
# Java VM: OpenJDK 64-Bit Server VM (25.181-b13 mixed mode linux-amd64 compressed oops)
# Problematic frame:
# C  [libc.so.6+0xa3af2]  __memcpy_sse2_unaligned_erms+0x62
#
# Core dump written. Default location: /home/dzordzu/eclipse-workspace/BERP/core or core.28463
#
# If you would like to submit a bug report, please visit:
#   http://bugreport.java.com/bugreport/crash.jsp
# The crash happened outside the Java Virtual Machine in native code.
# See problematic frame for where to report the bug.
#

---------------  T H R E A D  ---------------

Current thread (0x00007f0e802e1000):  JavaThread "QuantumRenderer-0" daemon [_thread_in_native, id=28498, stack(0x00007f0e616ee000,0x00007f0e617ef000)]

siginfo: si_signo: 11 (SIGSEGV), si_code: 2 (SEGV_ACCERR), si_addr: 0x00000000edc7802c

Registers:
RAX=0x00007f0e1df24fb8, RBX=0x00000000000b8fc4, RCX=0x000000000000000c, RDX=0x000000000000000c
RSP=0x00007f0e617ecef8, RBP=0x00007f0e2c16bfb0, RSI=0x00000000edc78028, RDI=0x00007f0e1df24fb8
R8 =0x00000000000b8fb8, R9 =0x000000000000000c, R10=0x0000000020020302, R11=0x0000000020020300
R12=0x00007f0e617ecf60, R13=0x0000000000000000, R14=0x00000000edc78028, R15=0x000000000000000c
RIP=0x00007f0e870b3af2, EFLAGS=0x0000000000010202, CSGSFS=0x002b000000000033, ERR=0x0000000000000004
  TRAPNO=0x000000000000000e

Top of Stack: (sp=0x00007f0e617ecef8)
0x00007f0e617ecef8:   00007f0e303ca856 0000000000000000
0x00007f0e617ecf08:   00000000000b8fb8 00000000c3092118
0x00007f0e617ecf18:   0000000000000000 00007f0e30c514b0
0x00007f0e617ecf28:   000000000000000c 00007f0e2c16bfb0
0x00007f0e617ecf38:   0000000000000000 0000000000000001
0x00007f0e617ecf48:   00007f0e3045a95f 00007f0e2c0f3c10
0x00007f0e617ecf58:   00007f0e617ecf60 0000000000000000
0x00007f0e617ecf68:   71299a94b5e8ac00 0000000000000000
0x00007f0e617ecf78:   00007f0e2c16bfb0 00007f0e30c514b0
0x00007f0e617ecf88:   00007f0e2c16c430 00007f0e2c14c730
0x00007f0e617ecf98:   000000002003d08b 00007f0e30c51520
0x00007f0e617ecfa8:   00007f0e3045a2bc 00000000ec35f628
0x00007f0e617ecfb8:   00007f0e2c16bfb0 00007f0e617ed0f0
0x00007f0e617ecfc8:   00007f0e2c16df30 0000000000000001
0x00007f0e617ecfd8:   00007f0e2c16df30 00007f0e2c17f250
0x00007f0e617ecfe8:   00007f0e3045a3f7 00007f0e617ed590
0x00007f0e617ecff8:   00007f0e71600a1c 00007f0e2c16bfb0
0x00007f0e617ed008:   00007f0e3045ba28 00007f0e2c0f3c10
0x00007f0e617ed018:   00007f0e2c0f2ed0 00007f0e00000001
0x00007f0e617ed028:   00000000c2b7f180 00000000c2b812f0
0x00007f0e617ed038:   00007f0e71687ac4 00007f0e617ed590
0x00007f0e617ed048:   00007f0e716bff54 0000000000000000
0x00007f0e617ed058:   00007f0e301de21c 3ff0000000000000
0x00007f0e617ed068:   00007f0e2c1e44c0 0000000000000002
0x00007f0e617ed078:   00007f0e309282fe 0000000000000014
0x00007f0e617ed088:   00007f0e301adb91 00007f0e2c16cd78
0x00007f0e617ed098:   00007f0e617ed180 0000000000000000
0x00007f0e617ed0a8:   71299a94b5e8ac00 00007f0e2c17f250
0x00007f0e617ed0b8:   00007f0e2c1b398c 00007f0e2c17f250
0x00007f0e617ed0c8:   00007f0e617ed180 0000000000000001
0x00007f0e617ed0d8:   00007f0e2c1b1ae0 00007f0e2c17f250
0x00007f0e617ed0e8:   00007f0e301afb27 0000000000000600 

Instructions: (pc=0x00007f0e870b3af2)
0x00007f0e870b3ad2:   01 00 00 48 89 d1 f3 a4 c3 80 fa 08 73 12 80 fa
0x00007f0e870b3ae2:   04 73 1e 80 fa 01 77 26 72 05 0f b6 0e 88 0f c3
0x00007f0e870b3af2:   48 8b 4c 16 f8 48 8b 36 48 89 4c 17 f8 48 89 37
0x00007f0e870b3b02:   c3 8b 4c 16 fc 8b 36 89 4c 17 fc 89 37 c3 0f b7 

Register to memory mapping:

RAX=0x00007f0e1df24fb8 is an unknown value
RBX=0x00000000000b8fc4 is an unknown value
RCX=0x000000000000000c is an unknown value
RDX=0x000000000000000c is an unknown value
RSP=0x00007f0e617ecef8 is pointing into the stack for thread: 0x00007f0e802e1000
RBP=0x00007f0e2c16bfb0 is an unknown value
RSI=0x00000000edc78028 is an unallocated location in the heap
RDI=0x00007f0e1df24fb8 is an unknown value
R8 =0x00000000000b8fb8 is an unknown value
R9 =0x000000000000000c is an unknown value
R10=0x0000000020020302 is an unknown value
R11=0x0000000020020300 is an unknown value
R12=0x00007f0e617ecf60 is pointing into the stack for thread: 0x00007f0e802e1000
R13=0x0000000000000000 is an unknown value
R14=0x00000000edc78028 is an unallocated location in the heap
R15=0x000000000000000c is an unknown value


Stack: [0x00007f0e616ee000,0x00007f0e617ef000],  sp=0x00007f0e617ecef8,  free space=1019k
Native frames: (J=compiled Java code, j=interpreted, Vv=VM code, C=native code)
C  [libc.so.6+0xa3af2]  __memcpy_sse2_unaligned_erms+0x62

Java frames: (J=compiled Java code, j=interpreted, Vv=VM code)
j  com.sun.prism.es2.GLContext.nClearBuffers(JFFFFZZZ)V+0
j  com.sun.prism.es2.GLContext.clearBuffers(Lcom/sun/prism/paint/Color;ZZZ)V+40
j  com.sun.prism.es2.ES2Graphics.clearBuffers(Lcom/sun/prism/es2/ES2Context;Lcom/sun/prism/paint/Color;ZZZ)V+9
j  com.sun.prism.es2.ES2Graphics.clear(Lcom/sun/prism/paint/Color;)V+32
j  com.sun.javafx.tk.quantum.ViewPainter.doPaint(Lcom/sun/prism/Graphics;Lcom/sun/javafx/sg/prism/NodePath;)V+104
j  com.sun.javafx.tk.quantum.ViewPainter.paintImpl(Lcom/sun/prism/Graphics;)V+953
j  com.sun.javafx.tk.quantum.PresentingPainter.run()V+326
j  java.util.concurrent.Executors$RunnableAdapter.call()Ljava/lang/Object;+4
j  java.util.concurrent.FutureTask.runAndReset()Z+47
j  com.sun.javafx.tk.RenderJob.run()V+1
j  java.util.concurrent.ThreadPoolExecutor.runWorker(Ljava/util/concurrent/ThreadPoolExecutor$Worker;)V+95
j  java.util.concurrent.ThreadPoolExecutor$Worker.run()V+5
j  com.sun.javafx.tk.quantum.QuantumRenderer$PipelineRunnable.run()V+8
j  java.lang.Thread.run()V+11
v  ~StubRoutines::call_stub

---------------  P R O C E S S  ---------------

Java Threads: ( => current thread )
  0x00007f0e101f8000 JavaThread "Prism Font Disposer" daemon [_thread_blocked, id=28509, stack(0x00007f0e1ef25000,0x00007f0e1f026000)]
  0x00007f0e803c4800 JavaThread "JavaFX-Launcher" [_thread_blocked, id=28506, stack(0x00007f0e1fa76000,0x00007f0e1fb77000)]
  0x00007f0e803c1000 JavaThread "JavaFX Application Thread" [_thread_blocked, id=28505, stack(0x00007f0e1fbf7000,0x00007f0e1fcf8000)]
  0x00007f0e803be000 JavaThread "Thread-1" daemon [_thread_blocked, id=28504, stack(0x00007f0e1fcf8000,0x00007f0e1fdf9000)]
=>0x00007f0e802e1000 JavaThread "QuantumRenderer-0" daemon [_thread_in_native, id=28498, stack(0x00007f0e616ee000,0x00007f0e617ef000)]
  0x00007f0e80211800 JavaThread "Service Thread" daemon [_thread_blocked, id=28496, stack(0x00007f0e618f0000,0x00007f0e619f1000)]
  0x00007f0e8020c800 JavaThread "C1 CompilerThread2" daemon [_thread_blocked, id=28495, stack(0x00007f0e619f2000,0x00007f0e61af2000)]
  0x00007f0e8020a800 JavaThread "C2 CompilerThread1" daemon [_thread_blocked, id=28494, stack(0x00007f0e61af3000,0x00007f0e61bf3000)]
  0x00007f0e80208800 JavaThread "C2 CompilerThread0" daemon [_thread_in_native, id=28493, stack(0x00007f0e70048000,0x00007f0e70148000)]
  0x00007f0e80207000 JavaThread "Monitor Ctrl-Break" daemon [_thread_in_native, id=28492, stack(0x00007f0e70148000,0x00007f0e70249000)]
  0x00007f0e8017f800 JavaThread "Signal Dispatcher" daemon [_thread_blocked, id=28489, stack(0x00007f0e702f3000,0x00007f0e703f4000)]
  0x00007f0e8014c800 JavaThread "Finalizer" daemon [_thread_blocked, id=28483, stack(0x00007f0e703f4000,0x00007f0e704f5000)]
  0x00007f0e80148000 JavaThread "Reference Handler" daemon [_thread_blocked, id=28481, stack(0x00007f0e704f5000,0x00007f0e705f6000)]
  0x00007f0e8000c000 JavaThread "main" [_thread_blocked, id=28469, stack(0x00007f0e85e63000,0x00007f0e85f63000)]

Other Threads:
  0x00007f0e80140000 VMThread [stack: 0x00007f0e705f7000,0x00007f0e706f7000] [id=28479]
  0x00007f0e80214000 WatcherThread [stack: 0x00007f0e617f0000,0x00007f0e618f0000] [id=28497]

VM state:not at safepoint (normal execution)

VM Mutex/Monitor currently owned by a thread: None

Heap:
 PSYoungGen      total 18432K, used 10730K [0x00000000eb900000, 0x00000000edb00000, 0x0000000100000000)
  eden space 15872K, 67% used [0x00000000eb900000,0x00000000ec37a938,0x00000000ec880000)
  from space 2560K, 0% used [0x00000000ec880000,0x00000000ec880000,0x00000000ecb00000)
  to   space 8704K, 0% used [0x00000000ed280000,0x00000000ed280000,0x00000000edb00000)
 ParOldGen       total 29696K, used 7905K [0x00000000c2a00000, 0x00000000c4700000, 0x00000000eb900000)
  object space 29696K, 26% used [0x00000000c2a00000,0x00000000c31b8608,0x00000000c4700000)
 Metaspace       used 21221K, capacity 22646K, committed 22912K, reserved 1069056K
  class space    used 2771K, capacity 3088K, committed 3200K, reserved 1048576K

Card table byte_map: [0x00007f0e85838000,0x00007f0e85a24000] byte_map_base: 0x00007f0e85223000

Marking Bits: (ParMarkBitMap*) 0x00007f0e86db4ae0
 Begin Bits: [0x00007f0e62150000, 0x00007f0e630a8000)
 End Bits:   [0x00007f0e630a8000, 0x00007f0e64000000)

Polling page: 0x00007f0e871f0000

CodeCache: size=245760Kb used=10007Kb max_used=10007Kb free=235752Kb
 bounds [0x00007f0e71000000, 0x00007f0e719d0000, 0x00007f0e80000000]
 total_blobs=3928 nmethods=3258 adapters=584
 compilation: enabled

Compilation events (10 events):
Event: 18,803 Thread 0x00007f0e8020a800 3236       4       javafx.beans.property.DoublePropertyBase::get (29 bytes)
Event: 18,803 Thread 0x00007f0e8020c800 3246       3       com.sun.javafx.sg.prism.NGRegion::hasVisuals (26 bytes)
Event: 18,804 Thread 0x00007f0e8020c800 nmethod 3246 0x00007f0e719b8590 code [0x00007f0e719b8760, 0x00007f0e719b8f58]
Event: 18,804 Thread 0x00007f0e8020c800 3247       3       com.sun.javafx.sg.prism.NGShape::visualsChanged (26 bytes)
Event: 18,805 Thread 0x00007f0e8020c800 nmethod 3247 0x00007f0e719bbdd0 code [0x00007f0e719bbf80, 0x00007f0e719bc5a8]
Event: 18,805 Thread 0x00007f0e8020c800 3248       3       javafx.scene.layout.Region::impl_updatePeer (540 bytes)
Event: 18,807 Thread 0x00007f0e8020a800 nmethod 3236 0x00007f0e719b7f10 code [0x00007f0e719b80c0, 0x00007f0e719b82b0]
Event: 18,807 Thread 0x00007f0e8020a800 3235       4       javafx.scene.Node::isVisible (19 bytes)
Event: 18,809 Thread 0x00007f0e8020a800 nmethod 3235 0x00007f0e719bf590 code [0x00007f0e719bf6e0, 0x00007f0e719bf798]
Event: 18,810 Thread 0x00007f0e8020a800 3258       4       com.sun.javafx.geom.transform.Translate2D::inverseTransform (48 bytes)

GC Heap History (10 events):
Event: 2,940 GC heap before
{Heap before GC invocations=2 (full 0):
 PSYoungGen      total 18432K, used 18420K [0x00000000eb900000, 0x00000000ecd80000, 0x0000000100000000)
  eden space 15872K, 100% used [0x00000000eb900000,0x00000000ec880000,0x00000000ec880000)
  from space 2560K, 99% used [0x00000000ec880000,0x00000000ecafd318,0x00000000ecb00000)
  to   space 2560K, 0% used [0x00000000ecb00000,0x00000000ecb00000,0x00000000ecd80000)
 ParOldGen       total 42496K, used 907K [0x00000000c2a00000, 0x00000000c5380000, 0x00000000eb900000)
  object space 42496K, 2% used [0x00000000c2a00000,0x00000000c2ae2f68,0x00000000c5380000)
 Metaspace       used 12510K, capacity 12926K, committed 13184K, reserved 1060864K
  class space    used 1445K, capacity 1594K, committed 1664K, reserved 1048576K
Event: 2,951 GC heap after
Heap after GC invocations=2 (full 0):
 PSYoungGen      total 18432K, used 2528K [0x00000000eb900000, 0x00000000ecd80000, 0x0000000100000000)
  eden space 15872K, 0% used [0x00000000eb900000,0x00000000eb900000,0x00000000ec880000)
  from space 2560K, 98% used [0x00000000ecb00000,0x00000000ecd78020,0x00000000ecd80000)
  to   space 2560K, 0% used [0x00000000ec880000,0x00000000ec880000,0x00000000ecb00000)
 ParOldGen       total 42496K, used 4343K [0x00000000c2a00000, 0x00000000c5380000, 0x00000000eb900000)
  object space 42496K, 10% used [0x00000000c2a00000,0x00000000c2e3dc18,0x00000000c5380000)
 Metaspace       used 12510K, capacity 12926K, committed 13184K, reserved 1060864K
  class space    used 1445K, capacity 1594K, committed 1664K, reserved 1048576K
}
Event: 3,676 GC heap before
{Heap before GC invocations=3 (full 0):
 PSYoungGen      total 18432K, used 18400K [0x00000000eb900000, 0x00000000ecd80000, 0x0000000100000000)
  eden space 15872K, 100% used [0x00000000eb900000,0x00000000ec880000,0x00000000ec880000)
  from space 2560K, 98% used [0x00000000ecb00000,0x00000000ecd78020,0x00000000ecd80000)
  to   space 2560K, 0% used [0x00000000ec880000,0x00000000ec880000,0x00000000ecb00000)
 ParOldGen       total 42496K, used 4343K [0x00000000c2a00000, 0x00000000c5380000, 0x00000000eb900000)
  object space 42496K, 10% used [0x00000000c2a00000,0x00000000c2e3dc18,0x00000000c5380000)
 Metaspace       used 16279K, capacity 16938K, committed 17280K, reserved 1064960K
  class space    used 2140K, capacity 2312K, committed 2432K, reserved 1048576K
Event: 3,687 GC heap after
Heap after GC invocations=3 (full 0):
 PSYoungGen      total 18432K, used 2544K [0x00000000eb900000, 0x00000000edd00000, 0x0000000100000000)
  eden space 15872K, 0% used [0x00000000eb900000,0x00000000eb900000,0x00000000ec880000)
  from space 2560K, 99% used [0x00000000ec880000,0x00000000ecafc030,0x00000000ecb00000)
  to   space 2560K, 0% used [0x00000000eda80000,0x00000000eda80000,0x00000000edd00000)
 ParOldGen       total 42496K, used 8606K [0x00000000c2a00000, 0x00000000c5380000, 0x00000000eb900000)
  object space 42496K, 20% used [0x00000000c2a00000,0x00000000c3267a58,0x00000000c5380000)
 Metaspace       used 16279K, capacity 16938K, committed 17280K, reserved 1064960K
  class space    used 2140K, capacity 2312K, committed 2432K, reserved 1048576K
}
Event: 14,723 GC heap before
{Heap before GC invocations=4 (full 0):
 PSYoungGen      total 18432K, used 18416K [0x00000000eb900000, 0x00000000edd00000, 0x0000000100000000)
  eden space 15872K, 100% used [0x00000000eb900000,0x00000000ec880000,0x00000000ec880000)
  from space 2560K, 99% used [0x00000000ec880000,0x00000000ecafc030,0x00000000ecb00000)
  to   space 2560K, 0% used [0x00000000eda80000,0x00000000eda80000,0x00000000edd00000)
 ParOldGen       total 42496K, used 8606K [0x00000000c2a00000, 0x00000000c5380000, 0x00000000eb900000)
  object space 42496K, 20% used [0x00000000c2a00000,0x00000000c3267a58,0x00000000c5380000)
 Metaspace       used 19524K, capacity 20498K, committed 20736K, reserved 1067008K
  class space    used 2578K, capacity 2814K, committed 2816K, reserved 1048576K
Event: 14,734 GC heap after
Heap after GC invocations=4 (full 0):
 PSYoungGen      total 18432K, used 2544K [0x00000000eb900000, 0x00000000edd00000, 0x0000000100000000)
  eden space 15872K, 0% used [0x00000000eb900000,0x00000000eb900000,0x00000000ec880000)
  from space 2560K, 99% used [0x00000000eda80000,0x00000000edcfc038,0x00000000edd00000)
  to   space 2560K, 0% used [0x00000000ec880000,0x00000000ec880000,0x00000000ecb00000)
 ParOldGen       total 42496K, used 12449K [0x00000000c2a00000, 0x00000000c5380000, 0x00000000eb900000)
  object space 42496K, 29% used [0x00000000c2a00000,0x00000000c3628760,0x00000000c5380000)
 Metaspace       used 19524K, capacity 20498K, committed 20736K, reserved 1067008K
  class space    used 2578K, capacity 2814K, committed 2816K, reserved 1048576K
}
Event: 18,179 GC heap before
{Heap before GC invocations=5 (full 0):
 PSYoungGen      total 18432K, used 7701K [0x00000000eb900000, 0x00000000edd00000, 0x0000000100000000)
  eden space 15872K, 32% used [0x00000000eb900000,0x00000000ebe09730,0x00000000ec880000)
  from space 2560K, 99% used [0x00000000eda80000,0x00000000edcfc038,0x00000000edd00000)
  to   space 2560K, 0% used [0x00000000ec880000,0x00000000ec880000,0x00000000ecb00000)
 ParOldGen       total 42496K, used 12449K [0x00000000c2a00000, 0x00000000c5380000, 0x00000000eb900000)
  object space 42496K, 29% used [0x00000000c2a00000,0x00000000c3628760,0x00000000c5380000)
 Metaspace       used 20137K, capacity 21236K, committed 21296K, reserved 1067008K
  class space    used 2645K, capacity 2893K, committed 2944K, reserved 1048576K
Event: 18,189 GC heap after
Heap after GC invocations=5 (full 0):
 PSYoungGen      total 18432K, used 2528K [0x00000000eb900000, 0x00000000edb00000, 0x0000000100000000)
  eden space 15872K, 0% used [0x00000000eb900000,0x00000000eb900000,0x00000000ec880000)
  from space 2560K, 98% used [0x00000000ec880000,0x00000000ecaf8028,0x00000000ecb00000)
  to   space 8704K, 0% used [0x00000000ed280000,0x00000000ed280000,0x00000000edb00000)
 ParOldGen       total 42496K, used 13219K [0x00000000c2a00000, 0x00000000c5380000, 0x00000000eb900000)
  object space 42496K, 31% used [0x00000000c2a00000,0x00000000c36e8cf0,0x00000000c5380000)
 Metaspace       used 20137K, capacity 21236K, committed 21296K, reserved 1067008K
  class space    used 2645K, capacity 2893K, committed 2944K, reserved 1048576K
}
Event: 18,189 GC heap before
{Heap before GC invocations=6 (full 1):
 PSYoungGen      total 18432K, used 2528K [0x00000000eb900000, 0x00000000edb00000, 0x0000000100000000)
  eden space 15872K, 0% used [0x00000000eb900000,0x00000000eb900000,0x00000000ec880000)
  from space 2560K, 98% used [0x00000000ec880000,0x00000000ecaf8028,0x00000000ecb00000)
  to   space 8704K, 0% used [0x00000000ed280000,0x00000000ed280000,0x00000000edb00000)
 ParOldGen       total 42496K, used 13219K [0x00000000c2a00000, 0x00000000c5380000, 0x00000000eb900000)
  object space 42496K, 31% used [0x00000000c2a00000,0x00000000c36e8cf0,0x00000000c5380000)
 Metaspace       used 20137K, capacity 21236K, committed 21296K, reserved 1067008K
  class space    used 2645K, capacity 2893K, committed 2944K, reserved 1048576K
Event: 18,241 GC heap after
Heap after GC invocations=6 (full 1):
 PSYoungGen      total 18432K, used 0K [0x00000000eb900000, 0x00000000edb00000, 0x0000000100000000)
  eden space 15872K, 0% used [0x00000000eb900000,0x00000000eb900000,0x00000000ec880000)
  from space 2560K, 0% used [0x00000000ec880000,0x00000000ec880000,0x00000000ecb00000)
  to   space 8704K, 0% used [0x00000000ed280000,0x00000000ed280000,0x00000000edb00000)
 ParOldGen       total 29696K, used 7905K [0x00000000c2a00000, 0x00000000c4700000, 0x00000000eb900000)
  object space 29696K, 26% used [0x00000000c2a00000,0x00000000c31b8608,0x00000000c4700000)
 Metaspace       used 20137K, capacity 21236K, committed 21296K, reserved 1067008K
  class space    used 2645K, capacity 2893K, committed 2944K, reserved 1048576K
}

Deoptimization events (10 events):
Event: 18,594 Thread 0x00007f0e803c1000 Uncommon trap: reason=bimorphic action=maybe_recompile pc=0x00007f0e717ef8f4 method=javafx.beans.property.BooleanPropertyBase.get()Z @ 23
Event: 18,594 Thread 0x00007f0e803c1000 Uncommon trap: reason=bimorphic action=maybe_recompile pc=0x00007f0e717ef8f4 method=javafx.beans.property.BooleanPropertyBase.get()Z @ 23
Event: 18,594 Thread 0x00007f0e803c1000 Uncommon trap: reason=bimorphic action=maybe_recompile pc=0x00007f0e717ef8f4 method=javafx.beans.property.BooleanPropertyBase.get()Z @ 23
Event: 18,594 Thread 0x00007f0e803c1000 Uncommon trap: reason=bimorphic action=maybe_recompile pc=0x00007f0e717ef8f4 method=javafx.beans.property.BooleanPropertyBase.get()Z @ 23
Event: 18,633 Thread 0x00007f0e803c1000 Uncommon trap: reason=class_check action=maybe_recompile pc=0x00007f0e71642a28 method=javafx.scene.CssStyleHelper.lookup(Ljavafx/css/Styleable;Ljavafx/css/CssMetaData;Lcom/sun/javafx/css/StyleMap;Ljava/util/Set;Ljavafx/css/Styleable;Lcom/sun/javafx/css/Ca
Event: 18,645 Thread 0x00007f0e803c1000 Uncommon trap: reason=class_check action=maybe_recompile pc=0x00007f0e71642a28 method=javafx.scene.CssStyleHelper.lookup(Ljavafx/css/Styleable;Ljavafx/css/CssMetaData;Lcom/sun/javafx/css/StyleMap;Ljava/util/Set;Ljavafx/css/Styleable;Lcom/sun/javafx/css/Ca
Event: 18,792 Thread 0x00007f0e803c1000 Uncommon trap: reason=class_check action=maybe_recompile pc=0x00007f0e719a97f4 method=javafx.beans.property.DoublePropertyBase.get()D @ 23
Event: 18,792 Thread 0x00007f0e803c1000 Uncommon trap: reason=class_check action=maybe_recompile pc=0x00007f0e719a97f4 method=javafx.beans.property.DoublePropertyBase.get()D @ 23
Event: 18,792 Thread 0x00007f0e803c1000 Uncommon trap: reason=class_check action=maybe_recompile pc=0x00007f0e719a97f4 method=javafx.beans.property.DoublePropertyBase.get()D @ 23
Event: 18,792 Thread 0x00007f0e803c1000 Uncommon trap: reason=class_check action=maybe_recompile pc=0x00007f0e719a97f4 method=javafx.beans.property.DoublePropertyBase.get()D @ 23

Classes redefined (0 events):
No events

Internal exceptions (10 events):
Event: 2,419 Thread 0x00007f0e803c1000 Exception <a 'java/lang/NullPointerException'> (0x00000000ebfa9760) thrown at [/build/java8-openjdk/src/jdk8u-jdk8u181-b13/hotspot/src/share/vm/prims/jvm.cpp, line 1439]
Event: 2,825 Thread 0x00007f0e803c1000 Exception <a 'java/lang/ArrayIndexOutOfBoundsException': 70> (0x00000000ec6df540) thrown at [/build/java8-openjdk/src/jdk8u-jdk8u181-b13/hotspot/src/share/vm/interpreter/interpreterRuntime.cpp, line 366]
Event: 2,826 Thread 0x00007f0e803c1000 Exception <a 'java/lang/ArrayIndexOutOfBoundsException': 18> (0x00000000ec6e4408) thrown at [/build/java8-openjdk/src/jdk8u-jdk8u181-b13/hotspot/src/share/vm/interpreter/interpreterRuntime.cpp, line 366]
Event: 2,827 Thread 0x00007f0e803c1000 Exception <a 'java/lang/ArrayIndexOutOfBoundsException': 86> (0x00000000ec6e62b0) thrown at [/build/java8-openjdk/src/jdk8u-jdk8u181-b13/hotspot/src/share/vm/interpreter/interpreterRuntime.cpp, line 366]
Event: 2,832 Thread 0x00007f0e803c1000 Exception <a 'java/lang/ArrayIndexOutOfBoundsException'> (0x00000000ec709db0) thrown at [/build/java8-openjdk/src/jdk8u-jdk8u181-b13/hotspot/src/share/vm/runtime/sharedRuntime.cpp, line 605]
Event: 2,837 Thread 0x00007f0e803c1000 Exception <a 'java/lang/ArrayIndexOutOfBoundsException'> (0x00000000ec71cf48) thrown at [/build/java8-openjdk/src/jdk8u-jdk8u181-b13/hotspot/src/share/vm/runtime/sharedRuntime.cpp, line 605]
Event: 6,827 Thread 0x00007f0e803c1000 Exception <a 'java/lang/reflect/InvocationTargetException'> (0x00000000ec048d78) thrown at [/build/java8-openjdk/src/jdk8u-jdk8u181-b13/hotspot/src/share/vm/runtime/reflection.cpp, line 1092]
Event: 6,827 Thread 0x00007f0e803c1000 Exception <a 'java/lang/RuntimeException'> (0x00000000ec049568) thrown at [/build/java8-openjdk/src/jdk8u-jdk8u181-b13/hotspot/src/share/vm/prims/jvm.cpp, line 1439]
Event: 16,916 Thread 0x00007f0e803c1000 Exception <a 'java/lang/reflect/InvocationTargetException'> (0x00000000ebbdcb18) thrown at [/build/java8-openjdk/src/jdk8u-jdk8u181-b13/hotspot/src/share/vm/runtime/reflection.cpp, line 1092]
Event: 16,916 Thread 0x00007f0e803c1000 Exception <a 'java/lang/RuntimeException'> (0x00000000ebbdd308) thrown at [/build/java8-openjdk/src/jdk8u-jdk8u181-b13/hotspot/src/share/vm/prims/jvm.cpp, line 1439]

Events (10 events):
Event: 18,792 Thread 0x00007f0e803c1000 DEOPT UNPACKING pc=0x00007f0e7104547a sp=0x00007f0e1fcf4d08 mode 2
Event: 18,792 Thread 0x00007f0e803c1000 Uncommon trap: trap_request=0xffffffde fr.pc=0x00007f0e719a97f4
Event: 18,792 Thread 0x00007f0e803c1000 DEOPT PACKING pc=0x00007f0e719a97f4 sp=0x00007f0e1fcf4c20
Event: 18,792 Thread 0x00007f0e803c1000 DEOPT UNPACKING pc=0x00007f0e7104547a sp=0x00007f0e1fcf4bd8 mode 2
Event: 18,792 Thread 0x00007f0e803c1000 Uncommon trap: trap_request=0xffffffde fr.pc=0x00007f0e719a97f4
Event: 18,792 Thread 0x00007f0e803c1000 DEOPT PACKING pc=0x00007f0e719a97f4 sp=0x00007f0e1fcf4c10
Event: 18,792 Thread 0x00007f0e803c1000 DEOPT UNPACKING pc=0x00007f0e7104547a sp=0x00007f0e1fcf4bc8 mode 2
Event: 18,792 Thread 0x00007f0e803c1000 Uncommon trap: trap_request=0xffffffde fr.pc=0x00007f0e719a97f4
Event: 18,792 Thread 0x00007f0e803c1000 DEOPT PACKING pc=0x00007f0e719a97f4 sp=0x00007f0e1fcf4c20
Event: 18,792 Thread 0x00007f0e803c1000 DEOPT UNPACKING pc=0x00007f0e7104547a sp=0x00007f0e1fcf4bd8 mode 2


Dynamic libraries:
c2a00000-c4700000 rw-p 00000000 00:00 0 
c4700000-eb900000 ---p 00000000 00:00 0 
eb900000-edb00000 rw-p 00000000 00:00 0 
edb00000-100000000 ---p 00000000 00:00 0 
100000000-100320000 rw-p 00000000 00:00 0 
100320000-140000000 ---p 00000000 00:00 0 
5568cd820000-5568cd821000 r--p 00000000 08:01 9700678                    /usr/lib/jvm/java-8-openjdk/jre/bin/java
5568cd821000-5568cd822000 r-xp 00001000 08:01 9700678                    /usr/lib/jvm/java-8-openjdk/jre/bin/java
5568cd822000-5568cd823000 r--p 00002000 08:01 9700678                    /usr/lib/jvm/java-8-openjdk/jre/bin/java
5568cd823000-5568cd824000 r--p 00002000 08:01 9700678                    /usr/lib/jvm/java-8-openjdk/jre/bin/java
5568cd824000-5568cd825000 rw-p 00003000 08:01 9700678                    /usr/lib/jvm/java-8-openjdk/jre/bin/java
5568cf654000-5568cf675000 rw-p 00000000 00:00 0                          [heap]
7f0e08000000-7f0e08021000 rw-p 00000000 00:00 0 
7f0e08021000-7f0e0c000000 ---p 00000000 00:00 0 
7f0e10000000-7f0e103f4000 rw-p 00000000 00:00 0 
7f0e103f4000-7f0e14000000 ---p 00000000 00:00 0 
7f0e14000000-7f0e14021000 rw-p 00000000 00:00 0 
7f0e14021000-7f0e18000000 ---p 00000000 00:00 0 
7f0e18000000-7f0e18021000 rw-p 00000000 00:00 0 
7f0e18021000-7f0e1c000000 ---p 00000000 00:00 0 
7f0e1d56c000-7f0e1d6ac000 rw-p 00000000 00:00 0 
7f0e1d6ac000-7f0e1d76c000 ---p 00000000 00:00 0 
7f0e1d76c000-7f0e1d96c000 rw-p 00000000 00:00 0 
7f0e1d96c000-7f0e1da6c000 rw-s 00000000 00:05 223248392                  /SYSV00000000 (deleted)
7f0e1da6c000-7f0e1de6c000 rw-s 110206000 00:06 14466                     /dev/dri/card0
7f0e1de6c000-7f0e1e06c000 rw-s 11487b000 00:06 14466                     /dev/dri/card0
7f0e1e06c000-7f0e1ea6c000 rwxp 00000000 00:00 0 
7f0e1ea6c000-7f0e1ec6c000 rw-p 00000000 00:00 0 
7f0e1ec6c000-7f0e1ee6c000 rw-p 00000000 00:00 0 
7f0e1ee6c000-7f0e1ef25000 r--p 00000000 08:01 676399                     /usr/share/fonts/TTF/DejaVuSans.ttf
7f0e1ef25000-7f0e1ef28000 ---p 00000000 00:00 0 
7f0e1ef28000-7f0e1f026000 rw-p 00000000 00:00 0 
7f0e1f026000-7f0e1f0d3000 r--p 00000000 08:01 676410                     /usr/share/fonts/TTF/DejaVuSans-Bold.ttf
7f0e1f0d3000-7f0e1f1d9000 r--s 00000000 08:01 139437                     /var/cache/fontconfig/40bf605a-bb67-493a-af98-9fef0b62d46d-le64.cache-7
7f0e1f1d9000-7f0e1f26c000 r--s 00000000 08:01 139441                     /var/cache/fontconfig/46b49263-20aa-4b20-8ebb-5d72ad162b8b-le64.cache-7
7f0e1f26c000-7f0e1f271000 r-xp 00000000 08:01 9709102                    /usr/lib/jvm/java-8-openjdk/jre/lib/amd64/libjavafx_font_freetype.so
7f0e1f271000-7f0e1f470000 ---p 00005000 08:01 9709102                    /usr/lib/jvm/java-8-openjdk/jre/lib/amd64/libjavafx_font_freetype.so
7f0e1f470000-7f0e1f471000 r--p 00004000 08:01 9709102                    /usr/lib/jvm/java-8-openjdk/jre/lib/amd64/libjavafx_font_freetype.so
7f0e1f471000-7f0e1f472000 rw-p 00005000 08:01 9709102                    /usr/lib/jvm/java-8-openjdk/jre/lib/amd64/libjavafx_font_freetype.so
7f0e1f472000-7f0e1f475000 r-xp 00000000 08:01 9708984                    /usr/lib/jvm/java-8-openjdk/jre/lib/amd64/libjavafx_font.so
7f0e1f475000-7f0e1f674000 ---p 00003000 08:01 9708984                    /usr/lib/jvm/java-8-openjdk/jre/lib/amd64/libjavafx_font.so
7f0e1f674000-7f0e1f675000 r--p 00002000 08:01 9708984                    /usr/lib/jvm/java-8-openjdk/jre/lib/amd64/libjavafx_font.so
7f0e1f675000-7f0e1f676000 rw-p 00003000 08:01 9708984                    /usr/lib/jvm/java-8-openjdk/jre/lib/amd64/libjavafx_font.so
7f0e1f676000-7f0e1f876000 rw-p 00000000 00:00 0 
7f0e1f876000-7f0e1fa76000 rw-p 00000000 00:00 0 
7f0e1fa76000-7f0e1fa79000 ---p 00000000 00:00 0 
7f0e1fa79000-7f0e1fb77000 rw-p 00000000 00:00 0 
7f0e1fb77000-7f0e1fbf7000 rw-s 110186000 00:06 14466                     /dev/dri/card0
7f0e1fbf7000-7f0e1fbfa000 ---p 00000000 00:00 0 
7f0e1fbfa000-7f0e1fcf8000 rw-p 00000000 00:00 0 
7f0e1fcf8000-7f0e1fcfb000 ---p 00000000 00:00 0 
7f0e1fcfb000-7f0e1fdf9000 rw-p 00000000 00:00 0 
7f0e1fdf9000-7f0e1fdfe000 r-xp 00000000 08:01 1867948                    /usr/lib/libogg.so.0.8.3
7f0e1fdfe000-7f0e1fffe000 ---p 00005000 08:01 1867948                    /usr/lib/libogg.so.0.8.3
7f0e1fffe000-7f0e1ffff000 r--p 00005000 08:01 1867948                    /usr/lib/libogg.so.0.8.3
7f0e1ffff000-7f0e20000000 rw-p 00006000 08:01 1867948                    /usr/lib/libogg.so.0.8.3
7f0e20000000-7f0e20021000 rw-p 00000000 00:00 0 
7f0e20021000-7f0e24000000 ---p 00000000 00:00 0 
7f0e24018000-7f0e24042000 r-xp 00000000 08:01 1867951                    /usr/lib/libvorbis.so.0.4.8
7f0e24042000-7f0e24242000 ---p 0002a000 08:01 1867951                    /usr/lib/libvorbis.so.0.4.8
7f0e24242000-7f0e24243000 r--p 0002a000 08:01 1867951                    /usr/lib/libvorbis.so.0.4.8
7f0e24243000-7f0e24244000 rw-p 0002b000 08:01 1867951                    /usr/lib/libvorbis.so.0.4.8
7f0e24244000-7f0e2424b000 r-xp 00000000 08:01 1867955                    /usr/lib/libvorbisfile.so.3.3.7
7f0e2424b000-7f0e2444b000 ---p 00007000 08:01 1867955                    /usr/lib/libvorbisfile.so.3.3.7
7f0e2444b000-7f0e2444c000 r--p 00007000 08:01 1867955                    /usr/lib/libvorbisfile.so.3.3.7
7f0e2444c000-7f0e2444d000 rw-p 00008000 08:01 1867955                    /usr/lib/libvorbisfile.so.3.3.7
7f0e2444d000-7f0e2445e000 r-xp 00000000 08:01 1867988                    /usr/lib/libcanberra.so.0.2.5
7f0e2445e000-7f0e2465d000 ---p 00011000 08:01 1867988                    /usr/lib/libcanberra.so.0.2.5
7f0e2465d000-7f0e2465e000 r--p 00010000 08:01 1867988                    /usr/lib/libcanberra.so.0.2.5
7f0e2465e000-7f0e2465f000 rw-p 00011000 08:01 1867988                    /usr/lib/libcanberra.so.0.2.5
7f0e2465f000-7f0e24663000 r-xp 00000000 08:01 1867990                    /usr/lib/libcanberra-gtk.so.0.1.9
7f0e24663000-7f0e24862000 ---p 00004000 08:01 1867990                    /usr/lib/libcanberra-gtk.so.0.1.9
7f0e24862000-7f0e24863000 r--p 00003000 08:01 1867990                    /usr/lib/libcanberra-gtk.so.0.1.9
7f0e24863000-7f0e24864000 rw-p 00004000 08:01 1867990                    /usr/lib/libcanberra-gtk.so.0.1.9
7f0e24867000-7f0e24875000 r--s 00000000 08:01 139440                     /var/cache/fontconfig/7fbdd5b4-cd79-4d95-8830-3414eb30ee92-le64.cache-7
7f0e24875000-7f0e24888000 r--s 00000000 08:01 139425                     /var/cache/fontconfig/7091ea46-b4e4-4c2c-a392-99b55bce7b3a-le64.cache-7
7f0e24888000-7f0e24892000 r--s 00116000 08:01 9700744                    /usr/lib/jvm/java-8-openjdk/jre/lib/ext/localedata.jar
7f0e24892000-7f0e24897000 r-xp 00000000 08:01 137481                     /usr/lib/gtk-2.0/modules/libcanberra-gtk-module.so
7f0e24897000-7f0e24a96000 ---p 00005000 08:01 137481                     /usr/lib/gtk-2.0/modules/libcanberra-gtk-module.so
7f0e24a96000-7f0e24a97000 r--p 00004000 08:01 137481                     /usr/lib/gtk-2.0/modules/libcanberra-gtk-module.so
7f0e24a97000-7f0e24a98000 rw-p 00005000 08:01 137481                     /usr/lib/gtk-2.0/modules/libcanberra-gtk-module.so
7f0e24a98000-7f0e24aa1000 r-xp 00000000 08:01 139271                     /usr/lib/gtk-2.0/2.10.0/engines/libpixmap.so
7f0e24aa1000-7f0e24ca1000 ---p 00009000 08:01 139271                     /usr/lib/gtk-2.0/2.10.0/engines/libpixmap.so
7f0e24ca1000-7f0e24ca2000 r--p 00009000 08:01 139271                     /usr/lib/gtk-2.0/2.10.0/engines/libpixmap.so
7f0e24ca2000-7f0e24ca3000 rw-p 0000a000 08:01 139271                     /usr/lib/gtk-2.0/2.10.0/engines/libpixmap.so
7f0e24ca3000-7f0e24ca5000 r-xp 00000000 08:01 139192                     /usr/lib/gtk-2.0/2.10.0/engines/libadwaita.so
7f0e24ca5000-7f0e24ea4000 ---p 00002000 08:01 139192                     /usr/lib/gtk-2.0/2.10.0/engines/libadwaita.so
7f0e24ea4000-7f0e24ea5000 r--p 00001000 08:01 139192                     /usr/lib/gtk-2.0/2.10.0/engines/libadwaita.so
7f0e24ea5000-7f0e24ea6000 rw-p 00002000 08:01 139192                     /usr/lib/gtk-2.0/2.10.0/engines/libadwaita.so
7f0e24ea6000-7f0e24ecf000 r-xp 00000000 08:01 9709101                    /usr/lib/jvm/java-8-openjdk/jre/lib/amd64/libglass.so
7f0e24ecf000-7f0e250cf000 ---p 00029000 08:01 9709101                    /usr/lib/jvm/java-8-openjdk/jre/lib/amd64/libglass.so
7f0e250cf000-7f0e250d0000 r--p 00029000 08:01 9709101                    /usr/lib/jvm/java-8-openjdk/jre/lib/amd64/libglass.so
7f0e250d0000-7f0e250d1000 rw-p 0002a000 08:01 9709101                    /usr/lib/jvm/java-8-openjdk/jre/lib/amd64/libglass.so
7f0e250d1000-7f0e250d2000 rw-p 00000000 00:00 0 
7f0e250d2000-7f0e25152000 rw-s 112ffb000 00:06 14466                     /dev/dri/card0
7f0e25152000-7f0e25153000 ---p 00000000 00:00 0 
7f0e25153000-7f0e25953000 rw-p 00000000 00:00 0 
7f0e25953000-7f0e25a94000 rw-s 00000000 08:01 922329                     /home/dzordzu/.cache/mesa_shader_cache/index
7f0e25a94000-7f0e2742e000 r--p 00000000 08:01 1866329                    /usr/lib/libicudata.so.62.1
7f0e2742e000-7f0e2742f000 r--p 01999000 08:01 1866329                    /usr/lib/libicudata.so.62.1
7f0e2742f000-7f0e27454000 r-xp 00000000 08:01 1848198                    /usr/lib/liblzma.so.5.2.4
7f0e27454000-7f0e27653000 ---p 00025000 08:01 1848198                    /usr/lib/liblzma.so.5.2.4
7f0e27653000-7f0e27654000 r--p 00024000 08:01 1848198                    /usr/lib/liblzma.so.5.2.4
7f0e27654000-7f0e27655000 rw-p 00025000 08:01 1848198                    /usr/lib/liblzma.so.5.2.4
7f0e27655000-7f0e276b5000 r--p 00000000 08:01 1866345                    /usr/lib/libicuuc.so.62.1
7f0e276b5000-7f0e27788000 r-xp 00060000 08:01 1866345                    /usr/lib/libicuuc.so.62.1
7f0e27788000-7f0e27807000 r--p 00133000 08:01 1866345                    /usr/lib/libicuuc.so.62.1
7f0e27807000-7f0e2781a000 r--p 001b1000 08:01 1866345                    /usr/lib/libicuuc.so.62.1
7f0e2781a000-7f0e2781b000 rw-p 001c4000 08:01 1866345                    /usr/lib/libicuuc.so.62.1
7f0e2781b000-7f0e2781c000 rw-p 00000000 00:00 0 
7f0e2781c000-7f0e2784a000 r--p 00000000 08:01 1866369                    /usr/lib/libxml2.so.2.9.8
7f0e2784a000-7f0e2792e000 r-xp 0002e000 08:01 1866369                    /usr/lib/libxml2.so.2.9.8
7f0e2792e000-7f0e27977000 r--p 00112000 08:01 1866369                    /usr/lib/libxml2.so.2.9.8
7f0e27977000-7f0e27978000 ---p 0015b000 08:01 1866369                    /usr/lib/libxml2.so.2.9.8
7f0e27978000-7f0e27981000 r--p 0015b000 08:01 1866369                    /usr/lib/libxml2.so.2.9.8
7f0e27981000-7f0e27982000 rw-p 00164000 08:01 1866369                    /usr/lib/libxml2.so.2.9.8
7f0e27982000-7f0e27984000 rw-p 00000000 00:00 0 
7f0e27984000-7f0e279ec000 r-xp 00000000 08:01 1841496                    /usr/lib/libncursesw.so.6.1
7f0e279ec000-7f0e27beb000 ---p 00068000 08:01 1841496                    /usr/lib/libncursesw.so.6.1
7f0e27beb000-7f0e27bf0000 r--p 00067000 08:01 1841496                    /usr/lib/libncursesw.so.6.1
7f0e27bf0000-7f0e27bf1000 rw-p 0006c000 08:01 1841496                    /usr/lib/libncursesw.so.6.1
7f0e27bf1000-7f0e27c23000 r-xp 00000000 08:01 1849385                    /usr/lib/libedit.so.0.0.58
7f0e27c23000-7f0e27e22000 ---p 00032000 08:01 1849385                    /usr/lib/libedit.so.0.0.58
7f0e27e22000-7f0e27e24000 r--p 00031000 08:01 1849385                    /usr/lib/libedit.so.0.0.58
7f0e27e24000-7f0e27e25000 rw-p 00033000 08:01 1849385                    /usr/lib/libedit.so.0.0.58
7f0e27e25000-7f0e27e28000 rw-p 00000000 00:00 0 
7f0e27e28000-7f0e27e35000 r-xp 00000000 08:01 1867219                    /usr/lib/libsensors.so.4.4.0
7f0e27e35000-7f0e28035000 ---p 0000d000 08:01 1867219                    /usr/lib/libsensors.so.4.4.0
7f0e28035000-7f0e28036000 r--p 0000d000 08:01 1867219                    /usr/lib/libsensors.so.4.4.0
7f0e28036000-7f0e28037000 rw-p 0000e000 08:01 1867219                    /usr/lib/libsensors.so.4.4.0
7f0e28037000-7f0e2879c000 r--p 00000000 08:01 1866388                    /usr/lib/libLLVM-7.so
7f0e2879c000-7f0e2ab24000 r-xp 00765000 08:01 1866388                    /usr/lib/libLLVM-7.so
7f0e2ab24000-7f0e2bbaa000 r--p 02aed000 08:01 1866388                    /usr/lib/libLLVM-7.so
7f0e2bbaa000-7f0e2bbab000 ---p 03b73000 08:01 1866388                    /usr/lib/libLLVM-7.so
7f0e2bbab000-7f0e2bf8e000 r--p 03b73000 08:01 1866388                    /usr/lib/libLLVM-7.so
7f0e2bf8e000-7f0e2bf9e000 rw-p 03f56000 08:01 1866388                    /usr/lib/libLLVM-7.so
7f0e2bf9e000-7f0e2c000000 rw-p 00000000 00:00 0 
7f0e2c000000-7f0e2c347000 rw-p 00000000 00:00 0 
7f0e2c347000-7f0e30000000 ---p 00000000 00:00 0 
7f0e30000000-7f0e3001c000 r--s 00393000 08:01 9700741                    /usr/lib/jvm/java-8-openjdk/jre/lib/ext/cldrdata.jar
7f0e3001c000-7f0e3001e000 r--p 00000000 08:01 1861859                    /usr/lib/libltdl.so.7.3.1
7f0e3001e000-7f0e30023000 r-xp 00002000 08:01 1861859                    /usr/lib/libltdl.so.7.3.1
7f0e30023000-7f0e30025000 r--p 00007000 08:01 1861859                    /usr/lib/libltdl.so.7.3.1
7f0e30025000-7f0e30026000 ---p 00009000 08:01 1861859                    /usr/lib/libltdl.so.7.3.1
7f0e30026000-7f0e30027000 r--p 00009000 08:01 1861859                    /usr/lib/libltdl.so.7.3.1
7f0e30027000-7f0e30028000 rw-p 0000a000 08:01 1861859                    /usr/lib/libltdl.so.7.3.1
7f0e30028000-7f0e30052000 r--p 00000000 08:01 1873263                    /usr/share/locale/pl/LC_MESSAGES/gtk20-properties.mo
7f0e30052000-7f0e30054000 r--p 00000000 08:01 1866997                    /usr/lib/libdrm_nouveau.so.2.0.0
7f0e30054000-7f0e30058000 r-xp 00002000 08:01 1866997                    /usr/lib/libdrm_nouveau.so.2.0.0
7f0e30058000-7f0e3005a000 r--p 00006000 08:01 1866997                    /usr/lib/libdrm_nouveau.so.2.0.0
7f0e3005a000-7f0e3005b000 r--p 00007000 08:01 1866997                    /usr/lib/libdrm_nouveau.so.2.0.0
7f0e3005b000-7f0e3005c000 rw-p 00008000 08:01 1866997                    /usr/lib/libdrm_nouveau.so.2.0.0
7f0e3005c000-7f0e3005f000 r--p 00000000 08:01 1866981                    /usr/lib/libdrm_amdgpu.so.1.0.0
7f0e3005f000-7f0e30064000 r-xp 00003000 08:01 1866981                    /usr/lib/libdrm_amdgpu.so.1.0.0
7f0e30064000-7f0e30066000 r--p 00008000 08:01 1866981                    /usr/lib/libdrm_amdgpu.so.1.0.0
7f0e30066000-7f0e30067000 r--p 00009000 08:01 1866981                    /usr/lib/libdrm_amdgpu.so.1.0.0
7f0e30067000-7f0e30068000 rw-p 0000a000 08:01 1866981                    /usr/lib/libdrm_amdgpu.so.1.0.0
7f0e30068000-7f0e3006b000 r--p 00000000 08:01 1849783                    /usr/lib/libelf-0.174.so
7f0e3006b000-7f0e3007b000 r-xp 00003000 08:01 1849783                    /usr/lib/libelf-0.174.so
7f0e3007b000-7f0e30080000 r--p 00013000 08:01 1849783                    /usr/lib/libelf-0.174.so
7f0e30080000-7f0e30081000 r--p 00017000 08:01 1849783                    /usr/lib/libelf-0.174.so
7f0e30081000-7f0e30082000 rw-p 00018000 08:01 1849783                    /usr/lib/libelf-0.174.so
7f0e30082000-7f0e30084000 r--p 00000000 08:01 1867000                    /usr/lib/libdrm_radeon.so.1.0.1
7f0e30084000-7f0e3008c000 r-xp 00002000 08:01 1867000                    /usr/lib/libdrm_radeon.so.1.0.1
7f0e3008c000-7f0e3008e000 r--p 0000a000 08:01 1867000                    /usr/lib/libdrm_radeon.so.1.0.1
7f0e3008e000-7f0e3008f000 r--p 0000b000 08:01 1867000                    /usr/lib/libdrm_radeon.so.1.0.1
7f0e3008f000-7f0e30090000 rw-p 0000c000 08:01 1867000                    /usr/lib/libdrm_radeon.so.1.0.1
7f0e30091000-7f0e30097000 r--p 00000000 08:01 1866538                    /usr/share/locale/pl/LC_MESSAGES/gdk-pixbuf.mo
7f0e30097000-7f0e3009b000 r--p 00000000 08:01 1867981                    /usr/lib/libtdb.so.1.3.16
7f0e3009b000-7f0e300a7000 r-xp 00004000 08:01 1867981                    /usr/lib/libtdb.so.1.3.16
7f0e300a7000-7f0e300ad000 r--p 00010000 08:01 1867981                    /usr/lib/libtdb.so.1.3.16
7f0e300ad000-7f0e300ae000 r--p 00015000 08:01 1867981                    /usr/lib/libtdb.so.1.3.16
7f0e300ae000-7f0e300af000 rw-p 00016000 08:01 1867981                    /usr/lib/libtdb.so.1.3.16
7f0e300af000-7f0e300be000 r--p 00000000 08:01 1873264                    /usr/share/locale/pl/LC_MESSAGES/gtk20.mo
7f0e300be000-7f0e3013f000 r--p 00000000 08:01 1867301                    /usr/lib/dri/nouveau_dri.so
7f0e3013f000-7f0e30969000 r-xp 00081000 08:01 1867301                    /usr/lib/dri/nouveau_dri.so
7f0e30969000-7f0e30be7000 r--p 008ab000 08:01 1867301                    /usr/lib/dri/nouveau_dri.so
7f0e30be7000-7f0e30be8000 ---p 00b29000 08:01 1867301                    /usr/lib/dri/nouveau_dri.so
7f0e30be8000-7f0e30c4b000 r--p 00b29000 08:01 1867301                    /usr/lib/dri/nouveau_dri.so
7f0e30c4b000-7f0e30c53000 rw-p 00b8c000 08:01 1867301                    /usr/lib/dri/nouveau_dri.so
7f0e30c53000-7f0e30e4c000 rw-p 00000000 00:00 0 
7f0e30e4c000-7f0e30e4d000 r-xp 00000000 08:01 1867031                    /usr/lib/libxshmfence.so.1.0.0
7f0e30e4d000-7f0e3104c000 ---p 00001000 08:01 1867031                    /usr/lib/libxshmfence.so.1.0.0
7f0e3104c000-7f0e3104d000 r--p 00000000 08:01 1867031                    /usr/lib/libxshmfence.so.1.0.0
7f0e3104d000-7f0e3104e000 rw-p 00001000 08:01 1867031                    /usr/lib/libxshmfence.so.1.0.0
7f0e3104e000-7f0e31051000 r--p 00000000 08:01 1862303                    /usr/lib/libxcb-sync.so.1.0.0
7f0e31051000-7f0e31054000 r-xp 00003000 08:01 1862303                    /usr/lib/libxcb-sync.so.1.0.0
7f0e31054000-7f0e31055000 r--p 00006000 08:01 1862303                    /usr/lib/libxcb-sync.so.1.0.0
7f0e31055000-7f0e31056000 ---p 00007000 08:01 1862303                    /usr/lib/libxcb-sync.so.1.0.0
7f0e31056000-7f0e31057000 r--p 00007000 08:01 1862303                    /usr/lib/libxcb-sync.so.1.0.0
7f0e31057000-7f0e31058000 rw-p 00008000 08:01 1862303                    /usr/lib/libxcb-sync.so.1.0.0
7f0e31058000-7f0e31059000 r--p 00000000 08:01 1862279                    /usr/lib/libxcb-present.so.0.0.0
7f0e31059000-7f0e3105a000 r-xp 00001000 08:01 1862279                    /usr/lib/libxcb-present.so.0.0.0
7f0e3105a000-7f0e3105b000 r--p 00002000 08:01 1862279                    /usr/lib/libxcb-present.so.0.0.0
7f0e3105b000-7f0e3105c000 r--p 00002000 08:01 1862279                    /usr/lib/libxcb-present.so.0.0.0
7f0e3105c000-7f0e3105d000 rw-p 00003000 08:01 1862279                    /usr/lib/libxcb-present.so.0.0.0
7f0e3105d000-7f0e3105f000 r--p 00000000 08:01 1862273                    /usr/lib/libxcb-dri3.so.0.0.0
7f0e3105f000-7f0e31060000 r-xp 00002000 08:01 1862273                    /usr/lib/libxcb-dri3.so.0.0.0
7f0e31060000-7f0e31061000 r--p 00003000 08:01 1862273                    /usr/lib/libxcb-dri3.so.0.0.0
7f0e31061000-7f0e31062000 r--p 00003000 08:01 1862273                    /usr/lib/libxcb-dri3.so.0.0.0
7f0e31062000-7f0e31063000 rw-p 00004000 08:01 1862273                    /usr/lib/libxcb-dri3.so.0.0.0
7f0e31063000-7f0e31065000 r--p 00000000 08:01 1862270                    /usr/lib/libxcb-dri2.so.0.0.0
7f0e31065000-7f0e31067000 r-xp 00002000 08:01 1862270                    /usr/lib/libxcb-dri2.so.0.0.0
7f0e31067000-7f0e31068000 r--p 00004000 08:01 1862270                    /usr/lib/libxcb-dri2.so.0.0.0
7f0e31068000-7f0e31069000 r--p 00004000 08:01 1862270                    /usr/lib/libxcb-dri2.so.0.0.0
7f0e31069000-7f0e3106a000 rw-p 00005000 08:01 1862270                    /usr/lib/libxcb-dri2.so.0.0.0
7f0e3106a000-7f0e31076000 r--p 00000000 08:01 1862276                    /usr/lib/libxcb-glx.so.0.0.0
7f0e31076000-7f0e3107f000 r-xp 0000c000 08:01 1862276                    /usr/lib/libxcb-glx.so.0.0.0
7f0e3107f000-7f0e31084000 r--p 00015000 08:01 1862276                    /usr/lib/libxcb-glx.so.0.0.0
7f0e31084000-7f0e31085000 ---p 0001a000 08:01 1862276                    /usr/lib/libxcb-glx.so.0.0.0
7f0e31085000-7f0e31087000 r--p 0001a000 08:01 1862276                    /usr/lib/libxcb-glx.so.0.0.0
7f0e31087000-7f0e31088000 rw-p 0001c000 08:01 1862276                    /usr/lib/libxcb-glx.so.0.0.0
7f0e31088000-7f0e3108c000 r--p 00000000 08:01 1866975                    /usr/lib/libdrm.so.2.4.0
7f0e3108c000-7f0e31096000 r-xp 00004000 08:01 1866975                    /usr/lib/libdrm.so.2.4.0
7f0e31096000-7f0e31099000 r--p 0000e000 08:01 1866975                    /usr/lib/libdrm.so.2.4.0
7f0e31099000-7f0e3109a000 ---p 00011000 08:01 1866975                    /usr/lib/libdrm.so.2.4.0
7f0e3109a000-7f0e3109b000 r--p 00011000 08:01 1866975                    /usr/lib/libdrm.so.2.4.0
7f0e3109b000-7f0e3109c000 rw-p 00012000 08:01 1866975                    /usr/lib/libdrm.so.2.4.0
7f0e3109c000-7f0e310a7000 r--p 00000000 08:01 1873524                    /usr/lib/libglapi.so.0.0.0
7f0e310a7000-7f0e310b3000 r-xp 0000b000 08:01 1873524                    /usr/lib/libglapi.so.0.0.0
7f0e310b3000-7f0e310c9000 r--p 00017000 08:01 1873524                    /usr/lib/libglapi.so.0.0.0
7f0e310c9000-7f0e310cd000 r--p 0002c000 08:01 1873524                    /usr/lib/libglapi.so.0.0.0
7f0e310cd000-7f0e310ce000 rw-p 00030000 08:01 1873524                    /usr/lib/libglapi.so.0.0.0
7f0e310ce000-7f0e310cf000 rw-p 00000000 00:00 0 
7f0e310cf000-7f0e310e8000 r--p 00000000 08:01 1872469                    /usr/lib/libGLX_mesa.so.0.0.0
7f0e310e8000-7f0e3112a000 r-xp 00019000 08:01 1872469                    /usr/lib/libGLX_mesa.so.0.0.0
7f0e3112a000-7f0e31141000 r--p 0005b000 08:01 1872469                    /usr/lib/libGLX_mesa.so.0.0.0
7f0e31141000-7f0e31142000 ---p 00072000 08:01 1872469                    /usr/lib/libGLX_mesa.so.0.0.0
7f0e31142000-7f0e31145000 r--p 00072000 08:01 1872469                    /usr/lib/libGLX_mesa.so.0.0.0
7f0e31145000-7f0e31146000 rw-p 00075000 08:01 1872469                    /usr/lib/libGLX_mesa.so.0.0.0
7f0e31146000-7f0e3114c000 r-xp 00000000 08:01 1866575                    /usr/lib/libdatrie.so.1.3.5
7f0e3114c000-7f0e3134b000 ---p 00006000 08:01 1866575                    /usr/lib/libdatrie.so.1.3.5
7f0e3134b000-7f0e3134c000 r--p 00005000 08:01 1866575                    /usr/lib/libdatrie.so.1.3.5
7f0e3134c000-7f0e3134d000 rw-p 00006000 08:01 1866575                    /usr/lib/libdatrie.so.1.3.5
7f0e3134d000-7f0e31350000 r--p 00000000 08:01 1865530                    /usr/lib/libgraphite2.so.3.2.1
7f0e31350000-7f0e3136a000 r-xp 00003000 08:01 1865530                    /usr/lib/libgraphite2.so.3.2.1
7f0e3136a000-7f0e3136f000 r--p 0001d000 08:01 1865530                    /usr/lib/libgraphite2.so.3.2.1
7f0e3136f000-7f0e31371000 r--p 00021000 08:01 1865530                    /usr/lib/libgraphite2.so.3.2.1
7f0e31371000-7f0e31372000 rw-p 00023000 08:01 1865530                    /usr/lib/libgraphite2.so.3.2.1
7f0e31372000-7f0e313bc000 r-xp 00000000 08:01 1848322                    /usr/lib/libblkid.so.1.1.0
7f0e313bc000-7f0e315bc000 ---p 0004a000 08:01 1848322                    /usr/lib/libblkid.so.1.1.0
7f0e315bc000-7f0e315c1000 r--p 0004a000 08:01 1848322                    /usr/lib/libblkid.so.1.1.0
7f0e315c1000-7f0e315c2000 rw-p 0004f000 08:01 1848322                    /usr/lib/libblkid.so.1.1.0
7f0e315c2000-7f0e315c3000 rw-p 00000000 00:00 0 
7f0e315c3000-7f0e315c8000 r-xp 00000000 08:01 1862248                    /usr/lib/libXdmcp.so.6.0.0
7f0e315c8000-7f0e317c7000 ---p 00005000 08:01 1862248                    /usr/lib/libXdmcp.so.6.0.0
7f0e317c7000-7f0e317c8000 r--p 00004000 08:01 1862248                    /usr/lib/libXdmcp.so.6.0.0
7f0e317c8000-7f0e317c9000 rw-p 00005000 08:01 1862248                    /usr/lib/libXdmcp.so.6.0.0
7f0e317c9000-7f0e317cb000 r-xp 00000000 08:01 1862258                    /usr/lib/libXau.so.6.0.0
7f0e317cb000-7f0e319cb000 ---p 00002000 08:01 1862258                    /usr/lib/libXau.so.6.0.0
7f0e319cb000-7f0e319cc000 r--p 00002000 08:01 1862258                    /usr/lib/libXau.so.6.0.0
7f0e319cc000-7f0e319cd000 rw-p 00003000 08:01 1862258                    /usr/lib/libXau.so.6.0.0
7f0e319cd000-7f0e31a0d000 r--p 00000000 08:01 1880939                    /usr/lib/libGLdispatch.so.0.0.0
7f0e31a0d000-7f0e31a2b000 r-xp 00040000 08:01 1880939                    /usr/lib/libGLdispatch.so.0.0.0
7f0e31a2b000-7f0e31a3e000 r--p 0005e000 08:01 1880939                    /usr/lib/libGLdispatch.so.0.0.0
7f0e31a3e000-7f0e31a3f000 ---p 00071000 08:01 1880939                    /usr/lib/libGLdispatch.so.0.0.0
7f0e31a3f000-7f0e31a68000 r--p 00071000 08:01 1880939                    /usr/lib/libGLdispatch.so.0.0.0
7f0e31a68000-7f0e31a69000 rw-p 0009a000 08:01 1880939                    /usr/lib/libGLdispatch.so.0.0.0
7f0e31a69000-7f0e31a89000 rw-p 00000000 00:00 0 
7f0e31a89000-7f0e31a8c000 r--p 00000000 08:01 1867255                    /usr/lib/libGLX.so.0.0.0
7f0e31a8c000-7f0e31a96000 r-xp 00003000 08:01 1867255                    /usr/lib/libGLX.so.0.0.0
7f0e31a96000-7f0e31a99000 r--p 0000d000 08:01 1867255                    /usr/lib/libGLX.so.0.0.0
7f0e31a99000-7f0e31a9a000 ---p 00010000 08:01 1867255                    /usr/lib/libGLX.so.0.0.0
7f0e31a9a000-7f0e31a9b000 r--p 00010000 08:01 1867255                    /usr/lib/libGLX.so.0.0.0
7f0e31a9b000-7f0e31a9c000 rw-p 00011000 08:01 1867255                    /usr/lib/libGLX.so.0.0.0
7f0e31a9c000-7f0e31abc000 rw-p 00000000 00:00 0 
7f0e31abc000-7f0e31b2d000 r-xp 00000000 08:01 1851551                    /usr/lib/libpcre.so.1.2.10
7f0e31b2d000-7f0e31d2c000 ---p 00071000 08:01 1851551                    /usr/lib/libpcre.so.1.2.10
7f0e31d2c000-7f0e31d2d000 r--p 00070000 08:01 1851551                    /usr/lib/libpcre.so.1.2.10
7f0e31d2d000-7f0e31d2e000 rw-p 00071000 08:01 1851551                    /usr/lib/libpcre.so.1.2.10
7f0e31d2e000-7f0e31d30000 r--p 00000000 08:01 1841756                    /usr/lib/libbz2.so.1.0.6
7f0e31d30000-7f0e31d3d000 r-xp 00002000 08:01 1841756                    /usr/lib/libbz2.so.1.0.6
7f0e31d3d000-7f0e31d3f000 r--p 0000f000 08:01 1841756                    /usr/lib/libbz2.so.1.0.6
7f0e31d3f000-7f0e31d40000 r--p 00010000 08:01 1841756                    /usr/lib/libbz2.so.1.0.6
7f0e31d40000-7f0e31d41000 rw-p 00011000 08:01 1841756                    /usr/lib/libbz2.so.1.0.6
7f0e31d41000-7f0e31d47000 r-xp 00000000 08:01 1882187                    /usr/lib/libuuid.so.1.3.0
7f0e31d47000-7f0e31f46000 ---p 00006000 08:01 1882187                    /usr/lib/libuuid.so.1.3.0
7f0e31f46000-7f0e31f47000 r--p 00005000 08:01 1882187                    /usr/lib/libuuid.so.1.3.0
7f0e31f47000-7f0e31f48000 rw-p 00006000 08:01 1882187                    /usr/lib/libuuid.so.1.3.0
7f0e31f48000-7f0e31f4c000 r--p 00000000 08:01 1848392                    /usr/lib/libexpat.so.1.6.8
7f0e31f4c000-7f0e31f6c000 r-xp 00004000 08:01 1848392                    /usr/lib/libexpat.so.1.6.8
7f0e31f6c000-7f0e31f80000 r--p 00024000 08:01 1848392                    /usr/lib/libexpat.so.1.6.8
7f0e31f80000-7f0e31f81000 ---p 00038000 08:01 1848392                    /usr/lib/libexpat.so.1.6.8
7f0e31f81000-7f0e31f83000 r--p 00038000 08:01 1848392                    /usr/lib/libexpat.so.1.6.8
7f0e31f83000-7f0e31f84000 rw-p 0003a000 08:01 1848392                    /usr/lib/libexpat.so.1.6.8
7f0e31f84000-7f0e31f8b000 r-xp 00000000 08:01 1851680                    /usr/lib/libffi.so.6.0.4
7f0e31f8b000-7f0e3218b000 ---p 00007000 08:01 1851680                    /usr/lib/libffi.so.6.0.4
7f0e3218b000-7f0e3218c000 r--p 00007000 08:01 1851680                    /usr/lib/libffi.so.6.0.4
7f0e3218c000-7f0e3218d000 rw-p 00008000 08:01 1851680                    /usr/lib/libffi.so.6.0.4
7f0e3218d000-7f0e3218f000 r--p 00000000 08:01 1866599                    /usr/lib/libthai.so.0.3.1
7f0e3218f000-7f0e32193000 r-xp 00002000 08:01 1866599                    /usr/lib/libthai.so.0.3.1
7f0e32193000-7f0e32196000 r--p 00006000 08:01 1866599                    /usr/lib/libthai.so.0.3.1
7f0e32196000-7f0e32197000 r--p 00008000 08:01 1866599                    /usr/lib/libthai.so.0.3.1
7f0e32197000-7f0e32198000 rw-p 00009000 08:01 1866599                    /usr/lib/libthai.so.0.3.1
7f0e32198000-7f0e321a1000 r--p 00000000 08:01 1875976                    /usr/lib/libharfbuzz.so.0.10900.0
7f0e321a1000-7f0e3221a000 r-xp 00009000 08:01 1875976                    /usr/lib/libharfbuzz.so.0.10900.0
7f0e3221a000-7f0e32253000 r--p 00082000 08:01 1875976                    /usr/lib/libharfbuzz.so.0.10900.0
7f0e32253000-7f0e32254000 ---p 000bb000 08:01 1875976                    /usr/lib/libharfbuzz.so.0.10900.0
7f0e32254000-7f0e32255000 r--p 000bb000 08:01 1875976                    /usr/lib/libharfbuzz.so.0.10900.0
7f0e32255000-7f0e32256000 rw-p 000bc000 08:01 1875976                    /usr/lib/libharfbuzz.so.0.10900.0
7f0e32256000-7f0e3225a000 r--p 00000000 08:01 1838040                    /usr/lib/libresolv-2.28.so
7f0e3225a000-7f0e32266000 r-xp 00004000 08:01 1838040                    /usr/lib/libresolv-2.28.so
7f0e32266000-7f0e3226a000 r--p 00010000 08:01 1838040                    /usr/lib/libresolv-2.28.so
7f0e3226a000-7f0e3226b000 ---p 00014000 08:01 1838040                    /usr/lib/libresolv-2.28.so
7f0e3226b000-7f0e3226c000 r--p 00014000 08:01 1838040                    /usr/lib/libresolv-2.28.so
7f0e3226c000-7f0e3226d000 rw-p 00015000 08:01 1838040                    /usr/lib/libresolv-2.28.so
7f0e3226d000-7f0e3226f000 rw-p 00000000 00:00 0 
7f0e3226f000-7f0e322c4000 r-xp 00000000 08:01 1848329                    /usr/lib/libmount.so.1.1.0
7f0e322c4000-7f0e324c3000 ---p 00055000 08:01 1848329                    /usr/lib/libmount.so.1.1.0
7f0e324c3000-7f0e324c6000 r--p 00054000 08:01 1848329                    /usr/lib/libmount.so.1.1.0
7f0e324c6000-7f0e324c7000 rw-p 00057000 08:01 1848329                    /usr/lib/libmount.so.1.1.0
7f0e324c7000-7f0e324c8000 rw-p 00000000 00:00 0 
7f0e324c8000-7f0e324ce000 r--p 00000000 08:01 1862288                    /usr/lib/libxcb-render.so.0.0.0
7f0e324ce000-7f0e324d3000 r-xp 00006000 08:01 1862288                    /usr/lib/libxcb-render.so.0.0.0
7f0e324d3000-7f0e324d5000 r--p 0000b000 08:01 1862288                    /usr/lib/libxcb-render.so.0.0.0
7f0e324d5000-7f0e324d6000 ---p 0000d000 08:01 1862288                    /usr/lib/libxcb-render.so.0.0.0
7f0e324d6000-7f0e324d7000 r--p 0000d000 08:01 1862288                    /usr/lib/libxcb-render.so.0.0.0
7f0e324d7000-7f0e324d8000 rw-p 0000e000 08:01 1862288                    /usr/lib/libxcb-render.so.0.0.0
7f0e324d8000-7f0e32577000 r-xp 00000000 08:01 1865787                    /usr/lib/libpixman-1.so.0.34.0
7f0e32577000-7f0e32777000 ---p 0009f000 08:01 1865787                    /usr/lib/libpixman-1.so.0.34.0
7f0e32777000-7f0e3277f000 r--p 0009f000 08:01 1865787                    /usr/lib/libpixman-1.so.0.34.0
7f0e3277f000-7f0e32780000 rw-p 000a7000 08:01 1865787                    /usr/lib/libpixman-1.so.0.34.0
7f0e32780000-7f0e32791000 r-xp 00000000 08:01 1865463                    /usr/lib/libXext.so.6.4.0
7f0e32791000-7f0e32990000 ---p 00011000 08:01 1865463                    /usr/lib/libXext.so.6.4.0
7f0e32990000-7f0e32991000 r--p 00010000 08:01 1865463                    /usr/lib/libXext.so.6.4.0
7f0e32991000-7f0e32992000 rw-p 00011000 08:01 1865463                    /usr/lib/libXext.so.6.4.0
7f0e32992000-7f0e32994000 r-xp 00000000 08:01 1866561                    /usr/lib/libXdamage.so.1.1.0
7f0e32994000-7f0e32b93000 ---p 00002000 08:01 1866561                    /usr/lib/libXdamage.so.1.1.0
7f0e32b93000-7f0e32b94000 r--p 00001000 08:01 1866561                    /usr/lib/libXdamage.so.1.1.0
7f0e32b94000-7f0e32b95000 rw-p 00002000 08:01 1866561                    /usr/lib/libXdamage.so.1.1.0
7f0e32b95000-7f0e32b97000 r-xp 00000000 08:01 1866547                    /usr/lib/libXcomposite.so.1.0.0
7f0e32b97000-7f0e32d96000 ---p 00002000 08:01 1866547                    /usr/lib/libXcomposite.so.1.0.0
7f0e32d96000-7f0e32d97000 r--p 00001000 08:01 1866547                    /usr/lib/libXcomposite.so.1.0.0
7f0e32d97000-7f0e32d98000 rw-p 00002000 08:01 1866547                    /usr/lib/libXcomposite.so.1.0.0
7f0e32d98000-7f0e32da1000 r-xp 00000000 08:01 1865862                    /usr/lib/libXcursor.so.1.0.2
7f0e32da1000-7f0e32fa0000 ---p 00009000 08:01 1865862                    /usr/lib/libXcursor.so.1.0.2
7f0e32fa0000-7f0e32fa1000 r--p 00008000 08:01 1865862                    /usr/lib/libXcursor.so.1.0.2
7f0e32fa1000-7f0e32fa2000 rw-p 00009000 08:01 1865862                    /usr/lib/libXcursor.so.1.0.2
7f0e32fa2000-7f0e32fac000 r-xp 00000000 08:01 1865875                    /usr/lib/libXrandr.so.2.2.0
7f0e32fac000-7f0e331ab000 ---p 0000a000 08:01 1865875                    /usr/lib/libXrandr.so.2.2.0
7f0e331ab000-7f0e331ac000 r--p 00009000 08:01 1865875                    /usr/lib/libXrandr.so.2.2.0
7f0e331ac000-7f0e331ad000 rw-p 0000a000 08:01 1865875                    /usr/lib/libXrandr.so.2.2.0
7f0e331ad000-7f0e331bc000 r-xp 00000000 08:01 1865967                    /usr/lib/libXi.so.6.1.0
7f0e331bc000-7f0e333bc000 ---p 0000f000 08:01 1865967                    /usr/lib/libXi.so.6.1.0
7f0e333bc000-7f0e333bd000 r--p 0000f000 08:01 1865967                    /usr/lib/libXi.so.6.1.0
7f0e333bd000-7f0e333be000 rw-p 00010000 08:01 1865967                    /usr/lib/libXi.so.6.1.0
7f0e333be000-7f0e333c0000 r-xp 00000000 08:01 1865870                    /usr/lib/libXinerama.so.1.0.0
7f0e333c0000-7f0e335bf000 ---p 00002000 08:01 1865870                    /usr/lib/libXinerama.so.1.0.0
7f0e335bf000-7f0e335c0000 r--p 00001000 08:01 1865870                    /usr/lib/libXinerama.so.1.0.0
7f0e335c0000-7f0e335c1000 rw-p 00002000 08:01 1865870                    /usr/lib/libXinerama.so.1.0.0
7f0e335c1000-7f0e335ca000 r-xp 00000000 08:01 1865457                    /usr/lib/libXrender.so.1.3.0
7f0e335ca000-7f0e337ca000 ---p 00009000 08:01 1865457                    /usr/lib/libXrender.so.1.3.0
7f0e337ca000-7f0e337cb000 r--p 00009000 08:01 1865457                    /usr/lib/libXrender.so.1.3.0
7f0e337cb000-7f0e337cc000 rw-p 0000a000 08:01 1865457                    /usr/lib/libXrender.so.1.3.0
7f0e337cc000-7f0e337d1000 r-xp 00000000 08:01 1865825                    /usr/lib/libXfixes.so.3.1.0
7f0e337d1000-7f0e339d0000 ---p 00005000 08:01 1865825                    /usr/lib/libXfixes.so.3.1.0
7f0e339d0000-7f0e339d1000 r--p 00004000 08:01 1865825                    /usr/lib/libXfixes.so.3.1.0
7f0e339d1000-7f0e339d2000 rw-p 00005000 08:01 1865825                    /usr/lib/libXfixes.so.3.1.0
7f0e339d2000-7f0e33a5b000 r--p 00000000 08:01 1838787                    /usr/lib/libstdc++.so.6.0.25
7f0e33a5b000-7f0e33b13000 r-xp 00089000 08:01 1838787                    /usr/lib/libstdc++.so.6.0.25
7f0e33b13000-7f0e33b50000 r--p 00141000 08:01 1838787                    /usr/lib/libstdc++.so.6.0.25
7f0e33b50000-7f0e33b51000 ---p 0017e000 08:01 1838787                    /usr/lib/libstdc++.so.6.0.25
7f0e33b51000-7f0e33b5d000 r--p 0017e000 08:01 1838787                    /usr/lib/libstdc++.so.6.0.25
7f0e33b5d000-7f0e33b5e000 rw-p 0018a000 08:01 1838787                    /usr/lib/libstdc++.so.6.0.25
7f0e33b5e000-7f0e33b61000 rw-p 00000000 00:00 0 
7f0e33b61000-7f0e33ba3000 r--p 00000000 08:01 1867245                    /usr/lib/libGL.so.1.7.0
7f0e33ba3000-7f0e33bc2000 r-xp 00042000 08:01 1867245                    /usr/lib/libGL.so.1.7.0
7f0e33bc2000-7f0e33bd7000 r--p 00061000 08:01 1867245                    /usr/lib/libGL.so.1.7.0
7f0e33bd7000-7f0e33bf2000 r--p 00075000 08:01 1867245                    /usr/lib/libGL.so.1.7.0
7f0e33bf2000-7f0e33bf3000 rw-p 00090000 08:01 1867245                    /usr/lib/libGL.so.1.7.0
7f0e33bf3000-7f0e33bf4000 rw-p 00000000 00:00 0 
7f0e33bf4000-7f0e33bf8000 r-xp 00000000 08:01 1867004                    /usr/lib/libXxf86vm.so.1.0.0
7f0e33bf8000-7f0e33df8000 ---p 00004000 08:01 1867004                    /usr/lib/libXxf86vm.so.1.0.0
7f0e33df8000-7f0e33df9000 r--p 00004000 08:01 1867004                    /usr/lib/libXxf86vm.so.1.0.0
7f0e33df9000-7f0e33dfa000 rw-p 00005000 08:01 1867004                    /usr/lib/libXxf86vm.so.1.0.0
7f0e33dfa000-7f0e33dff000 r-xp 00000000 08:01 1866663                    /usr/lib/libXtst.so.6.1.0
7f0e33dff000-7f0e33ffe000 ---p 00005000 08:01 1866663                    /usr/lib/libXtst.so.6.1.0
7f0e33ffe000-7f0e33fff000 r--p 00004000 08:01 1866663                    /usr/lib/libXtst.so.6.1.0
7f0e33fff000-7f0e34000000 rw-p 00005000 08:01 1866663                    /usr/lib/libXtst.so.6.1.0
7f0e34000000-7f0e34021000 rw-p 00000000 00:00 0 
7f0e34021000-7f0e38000000 ---p 00000000 00:00 0 
7f0e38000000-7f0e38021000 rw-p 00000000 00:00 0 
7f0e38021000-7f0e3c000000 ---p 00000000 00:00 0 
7f0e3c000000-7f0e3c4aa000 rw-p 00000000 00:00 0 
7f0e3c4aa000-7f0e40000000 ---p 00000000 00:00 0 
7f0e40000000-7f0e4069f000 rw-p 00000000 00:00 0 
7f0e4069f000-7f0e44000000 ---p 00000000 00:00 0 
7f0e44000000-7f0e4404a000 rw-p 00000000 00:00 0 
7f0e4404a000-7f0e48000000 ---p 00000000 00:00 0 
7f0e48000000-7f0e48902000 rw-p 00000000 00:00 0 
7f0e48902000-7f0e4c000000 ---p 00000000 00:00 0 
7f0e4c000000-7f0e4c021000 rw-p 00000000 00:00 0 
7f0e4c021000-7f0e50000000 ---p 00000000 00:00 0 
7f0e50000000-7f0e50021000 rw-p 00000000 00:00 0 
7f0e50021000-7f0e54000000 ---p 00000000 00:00 0 
7f0e54000000-7f0e54021000 rw-p 00000000 00:00 0 
7f0e54021000-7f0e58000000 ---p 00000000 00:00 0 
7f0e58000000-7f0e58021000 rw-p 00000000 00:00 0 
7f0e58021000-7f0e5c000000 ---p 00000000 00:00 0 
7f0e5c000000-7f0e5c021000 rw-p 00000000 00:00 0 
7f0e5c021000-7f0e60000000 ---p 00000000 00:00 0 
7f0e60000000-7f0e60001000 r--p 00000000 08:01 1864633                    /usr/lib/libX11-xcb.so.1.0.0
7f0e60001000-7f0e60002000 r-xp 00001000 08:01 1864633                    /usr/lib/libX11-xcb.so.1.0.0
7f0e60002000-7f0e60003000 r--p 00002000 08:01 1864633                    /usr/lib/libX11-xcb.so.1.0.0
7f0e60003000-7f0e60004000 r--p 00002000 08:01 1864633                    /usr/lib/libX11-xcb.so.1.0.0
7f0e60004000-7f0e60005000 rw-p 00003000 08:01 1864633                    /usr/lib/libX11-xcb.so.1.0.0
7f0e60005000-7f0e60011000 r--p 00000000 08:01 1862330                    /usr/lib/libxcb.so.1.1.0
7f0e60011000-7f0e60024000 r-xp 0000c000 08:01 1862330                    /usr/lib/libxcb.so.1.1.0
7f0e60024000-7f0e6002d000 r--p 0001f000 08:01 1862330                    /usr/lib/libxcb.so.1.1.0
7f0e6002d000-7f0e6002e000 r--p 00027000 08:01 1862330                    /usr/lib/libxcb.so.1.1.0
7f0e6002e000-7f0e6002f000 rw-p 00028000 08:01 1862330                    /usr/lib/libxcb.so.1.1.0
7f0e6002f000-7f0e60035000 r--p 00000000 08:01 1862239                    /usr/lib/libpng16.so.16.35.0
7f0e60035000-7f0e60059000 r-xp 00006000 08:01 1862239                    /usr/lib/libpng16.so.16.35.0
7f0e60059000-7f0e60065000 r--p 0002a000 08:01 1862239                    /usr/lib/libpng16.so.16.35.0
7f0e60065000-7f0e60066000 r--p 00035000 08:01 1862239                    /usr/lib/libpng16.so.16.35.0
7f0e60066000-7f0e60067000 rw-p 00036000 08:01 1862239                    /usr/lib/libpng16.so.16.35.0
7f0e60067000-7f0e6006a000 r--p 00000000 08:01 1838746                    /usr/lib/libgcc_s.so.1
7f0e6006a000-7f0e6007b000 r-xp 00003000 08:01 1838746                    /usr/lib/libgcc_s.so.1
7f0e6007b000-7f0e6007e000 r--p 00014000 08:01 1838746                    /usr/lib/libgcc_s.so.1
7f0e6007e000-7f0e6007f000 ---p 00017000 08:01 1838746                    /usr/lib/libgcc_s.so.1
7f0e6007f000-7f0e60080000 r--p 00017000 08:01 1838746                    /usr/lib/libgcc_s.so.1
7f0e60080000-7f0e60081000 rw-p 00018000 08:01 1838746                    /usr/lib/libgcc_s.so.1
7f0e60081000-7f0e6009d000 r--p 00000000 08:01 1864637                    /usr/lib/libX11.so.6.3.0
7f0e6009d000-7f0e60125000 r-xp 0001c000 08:01 1864637                    /usr/lib/libX11.so.6.3.0
7f0e60125000-7f0e601b8000 r--p 000a4000 08:01 1864637                    /usr/lib/libX11.so.6.3.0
7f0e601b8000-7f0e601bb000 r--p 00137000 08:01 1864637                    /usr/lib/libX11.so.6.3.0
7f0e601bb000-7f0e601bf000 rw-p 0013a000 08:01 1864637                    /usr/lib/libX11.so.6.3.0
7f0e601bf000-7f0e601da000 r--p 00000000 08:01 1851717                    /usr/lib/libglib-2.0.so.0.5800.1
7f0e601da000-7f0e6025c000 r-xp 0001b000 08:01 1851717                    /usr/lib/libglib-2.0.so.0.5800.1
7f0e6025c000-7f0e602de000 r--p 0009d000 08:01 1851717                    /usr/lib/libglib-2.0.so.0.5800.1
7f0e602de000-7f0e602df000 r--p 0011e000 08:01 1851717                    /usr/lib/libglib-2.0.so.0.5800.1
7f0e602df000-7f0e602e0000 rw-p 0011f000 08:01 1851717                    /usr/lib/libglib-2.0.so.0.5800.1
7f0e602e0000-7f0e602e1000 rw-p 00000000 00:00 0 
7f0e602e1000-7f0e603a2000 r-xp 00000000 08:01 1865549                    /usr/lib/libfreetype.so.6.16.1
7f0e603a2000-7f0e605a2000 ---p 000c1000 08:01 1865549                    /usr/lib/libfreetype.so.6.16.1
7f0e605a2000-7f0e605a9000 r--p 000c1000 08:01 1865549                    /usr/lib/libfreetype.so.6.16.1
7f0e605a9000-7f0e605aa000 rw-p 000c8000 08:01 1865549                    /usr/lib/libfreetype.so.6.16.1
7f0e605aa000-7f0e605b2000 r--p 00000000 08:01 1865523                    /usr/lib/libfontconfig.so.1.12.0
7f0e605b2000-7f0e605d6000 r-xp 00008000 08:01 1865523                    /usr/lib/libfontconfig.so.1.12.0
7f0e605d6000-7f0e605ee000 r--p 0002c000 08:01 1865523                    /usr/lib/libfontconfig.so.1.12.0
7f0e605ee000-7f0e605f0000 r--p 00043000 08:01 1865523                    /usr/lib/libfontconfig.so.1.12.0
7f0e605f0000-7f0e605f1000 rw-p 00045000 08:01 1865523                    /usr/lib/libfontconfig.so.1.12.0
7f0e605f1000-7f0e6060c000 r-xp 00000000 08:01 1880905                    /usr/lib/libfribidi.so.0.4.0
7f0e6060c000-7f0e6080b000 ---p 0001b000 08:01 1880905                    /usr/lib/libfribidi.so.0.4.0
7f0e6080b000-7f0e6080c000 r--p 0001a000 08:01 1880905                    /usr/lib/libfribidi.so.0.4.0
7f0e6080c000-7f0e6080d000 rw-p 0001b000 08:01 1880905                    /usr/lib/libfribidi.so.0.4.0
7f0e6080d000-7f0e60818000 r--p 00000000 08:01 1851728                    /usr/lib/libgobject-2.0.so.0.5800.1
7f0e60818000-7f0e6084b000 r-xp 0000b000 08:01 1851728                    /usr/lib/libgobject-2.0.so.0.5800.1
7f0e6084b000-7f0e60860000 r--p 0003e000 08:01 1851728                    /usr/lib/libgobject-2.0.so.0.5800.1
7f0e60860000-7f0e60861000 ---p 00053000 08:01 1851728                    /usr/lib/libgobject-2.0.so.0.5800.1
7f0e60861000-7f0e60862000 r--p 00053000 08:01 1851728                    /usr/lib/libgobject-2.0.so.0.5800.1
7f0e60862000-7f0e60863000 rw-p 00054000 08:01 1851728                    /usr/lib/libgobject-2.0.so.0.5800.1
7f0e60863000-7f0e60870000 r--p 00000000 08:01 1881555                    /usr/lib/libpango-1.0.so.0.4200.3
7f0e60870000-7f0e60893000 r-xp 0000d000 08:01 1881555                    /usr/lib/libpango-1.0.so.0.4200.3
7f0e60893000-7f0e608a8000 r--p 00030000 08:01 1881555                    /usr/lib/libpango-1.0.so.0.4200.3
7f0e608a8000-7f0e608ab000 r--p 00044000 08:01 1881555                    /usr/lib/libpango-1.0.so.0.4200.3
7f0e608ab000-7f0e608ac000 rw-p 00047000 08:01 1881555                    /usr/lib/libpango-1.0.so.0.4200.3
7f0e608ac000-7f0e608e1000 r--p 00000000 08:01 1851708                    /usr/lib/libgio-2.0.so.0.5800.1
7f0e608e1000-7f0e609cc000 r-xp 00035000 08:01 1851708                    /usr/lib/libgio-2.0.so.0.5800.1
7f0e609cc000-7f0e60a43000 r--p 00120000 08:01 1851708                    /usr/lib/libgio-2.0.so.0.5800.1
7f0e60a43000-7f0e60a44000 ---p 00197000 08:01 1851708                    /usr/lib/libgio-2.0.so.0.5800.1
7f0e60a44000-7f0e60a4b000 r--p 00197000 08:01 1851708                    /usr/lib/libgio-2.0.so.0.5800.1
7f0e60a4b000-7f0e60a4c000 rw-p 0019e000 08:01 1851708                    /usr/lib/libgio-2.0.so.0.5800.1
7f0e60a4c000-7f0e60a4e000 rw-p 00000000 00:00 0 
7f0e60a4e000-7f0e60a54000 r--p 00000000 08:01 1866503                    /usr/lib/libgdk_pixbuf-2.0.so.0.3800.0
7f0e60a54000-7f0e60a6a000 r-xp 00006000 08:01 1866503                    /usr/lib/libgdk_pixbuf-2.0.so.0.3800.0
7f0e60a6a000-7f0e60a72000 r--p 0001c000 08:01 1866503                    /usr/lib/libgdk_pixbuf-2.0.so.0.3800.0
7f0e60a72000-7f0e60a73000 ---p 00024000 08:01 1866503                    /usr/lib/libgdk_pixbuf-2.0.so.0.3800.0
7f0e60a73000-7f0e60a74000 r--p 00024000 08:01 1866503                    /usr/lib/libgdk_pixbuf-2.0.so.0.3800.0
7f0e60a74000-7f0e60a75000 rw-p 00025000 08:01 1866503                    /usr/lib/libgdk_pixbuf-2.0.so.0.3800.0
7f0e60a75000-7f0e60a87000 r--p 00000000 08:01 1865814                    /usr/lib/libcairo.so.2.11514.0
7f0e60a87000-7f0e60b58000 r-xp 00012000 08:01 1865814                    /usr/lib/libcairo.so.2.11514.0
7f0e60b58000-7f0e60b93000 r--p 000e3000 08:01 1865814                    /usr/lib/libcairo.so.2.11514.0
7f0e60b93000-7f0e60b97000 r--p 0011d000 08:01 1865814                    /usr/lib/libcairo.so.2.11514.0
7f0e60b97000-7f0e60b98000 rw-p 00121000 08:01 1865814                    /usr/lib/libcairo.so.2.11514.0
7f0e60b98000-7f0e60b99000 rw-p 00000000 00:00 0 
7f0e60b99000-7f0e60ba4000 r--p 00000000 08:01 1862187                    /usr/lib/libatk-1.0.so.0.23009.1
7f0e60ba4000-7f0e60bb2000 r-xp 0000b000 08:01 1862187                    /usr/lib/libatk-1.0.so.0.23009.1
7f0e60bb2000-7f0e60bbd000 r--p 00019000 08:01 1862187                    /usr/lib/libatk-1.0.so.0.23009.1
7f0e60bbd000-7f0e60bbe000 ---p 00024000 08:01 1862187                    /usr/lib/libatk-1.0.so.0.23009.1
7f0e60bbe000-7f0e60bc1000 r--p 00024000 08:01 1862187                    /usr/lib/libatk-1.0.so.0.23009.1
7f0e60bc1000-7f0e60bc2000 rw-p 00027000 08:01 1862187                    /usr/lib/libatk-1.0.so.0.23009.1
7f0e60bc2000-7f0e60c70000 r-xp 00000000 08:01 1873292                    /usr/lib/libgdk-x11-2.0.so.0.2400.32
7f0e60c70000-7f0e60e70000 ---p 000ae000 08:01 1873292                    /usr/lib/libgdk-x11-2.0.so.0.2400.32
7f0e60e70000-7f0e60e75000 r--p 000ae000 08:01 1873292                    /usr/lib/libgdk-x11-2.0.so.0.2400.32
7f0e60e75000-7f0e60e76000 rw-p 000b3000 08:01 1873292                    /usr/lib/libgdk-x11-2.0.so.0.2400.32
7f0e60e76000-7f0e612a6000 r-xp 00000000 08:01 1873293                    /usr/lib/libgtk-x11-2.0.so.0.2400.32
7f0e612a6000-7f0e614a6000 ---p 00430000 08:01 1873293                    /usr/lib/libgtk-x11-2.0.so.0.2400.32
7f0e614a6000-7f0e614b0000 r--p 00430000 08:01 1873293                    /usr/lib/libgtk-x11-2.0.so.0.2400.32
7f0e614b0000-7f0e614b1000 rw-p 0043a000 08:01 1873293                    /usr/lib/libgtk-x11-2.0.so.0.2400.32
7f0e614b1000-7f0e614b3000 rw-p 00000000 00:00 0 
7f0e614b6000-7f0e614b9000 r--s 00000000 08:01 139426                     /var/cache/fontconfig/b3c4f7b0-23f1-4648-aa42-134a682e1a43-le64.cache-7
7f0e614b9000-7f0e614bc000 r--s 00000000 08:01 139424                     /var/cache/fontconfig/f0f6b16d-e1a2-4d02-9893-299a9b48beea-le64.cache-7
7f0e614bc000-7f0e614e1000 r--p 00000000 08:01 1879902                    /usr/share/locale/pl/LC_MESSAGES/libc.mo
7f0e614e1000-7f0e614ed000 r-xp 00000000 08:01 9709097                    /usr/lib/jvm/java-8-openjdk/jre/lib/amd64/libprism_es2.so
7f0e614ed000-7f0e616ec000 ---p 0000c000 08:01 9709097                    /usr/lib/jvm/java-8-openjdk/jre/lib/amd64/libprism_es2.so
7f0e616ec000-7f0e616ed000 r--p 0000b000 08:01 9709097                    /usr/lib/jvm/java-8-openjdk/jre/lib/amd64/libprism_es2.so
7f0e616ed000-7f0e616ee000 rw-p 0000c000 08:01 9709097                    /usr/lib/jvm/java-8-openjdk/jre/lib/amd64/libprism_es2.so
7f0e616ee000-7f0e616f1000 ---p 00000000 00:00 0 
7f0e616f1000-7f0e617ef000 rw-p 00000000 00:00 0 
7f0e617ef000-7f0e617f0000 ---p 00000000 00:00 0 
7f0e617f0000-7f0e618f0000 rw-p 00000000 00:00 0 
7f0e618f0000-7f0e618f3000 ---p 00000000 00:00 0 
7f0e618f3000-7f0e619f1000 rw-p 00000000 00:00 0 
7f0e619f1000-7f0e619f2000 ---p 00000000 00:00 0 
7f0e619f2000-7f0e619f5000 ---p 00000000 00:00 0 
7f0e619f5000-7f0e61af2000 rw-p 00000000 00:00 0 
7f0e61af2000-7f0e61af3000 ---p 00000000 00:00 0 
7f0e61af3000-7f0e61af6000 ---p 00000000 00:00 0 
7f0e61af6000-7f0e61bf3000 rw-p 00000000 00:00 0 
7f0e61bf3000-7f0e62150000 r--p 00000000 08:01 1881786                    /usr/lib/locale/locale-archive
7f0e62150000-7f0e64000000 rw-p 00000000 00:00 0 
7f0e64000000-7f0e64021000 rw-p 00000000 00:00 0 
7f0e64021000-7f0e68000000 ---p 00000000 00:00 0 
7f0e68000000-7f0e68021000 rw-p 00000000 00:00 0 
7f0e68021000-7f0e6c000000 ---p 00000000 00:00 0 
7f0e6c000000-7f0e6c021000 rw-p 00000000 00:00 0 
7f0e6c021000-7f0e70000000 ---p 00000000 00:00 0 
7f0e70000000-7f0e70001000 r--s 00000000 08:01 139435                     /var/cache/fontconfig/399094d6-a6be-416d-bd8b-764123d63a42-le64.cache-7
7f0e70001000-7f0e70002000 r--s 00000000 08:01 139432                     /var/cache/fontconfig/c5791e97-2ecf-4b73-969c-c9e1c0d82c78-le64.cache-7
7f0e70002000-7f0e70003000 r--p 00000000 08:01 1862300                    /usr/lib/libxcb-shm.so.0.0.0
7f0e70003000-7f0e70004000 r-xp 00001000 08:01 1862300                    /usr/lib/libxcb-shm.so.0.0.0
7f0e70004000-7f0e70005000 r--p 00002000 08:01 1862300                    /usr/lib/libxcb-shm.so.0.0.0
7f0e70005000-7f0e70006000 r--p 00002000 08:01 1862300                    /usr/lib/libxcb-shm.so.0.0.0
7f0e70006000-7f0e70007000 rw-p 00003000 08:01 1862300                    /usr/lib/libxcb-shm.so.0.0.0
7f0e70007000-7f0e7000e000 r--p 00000000 08:01 1881569                    /usr/lib/libpangoft2-1.0.so.0.4200.3
7f0e7000e000-7f0e70017000 r-xp 00007000 08:01 1881569                    /usr/lib/libpangoft2-1.0.so.0.4200.3
7f0e70017000-7f0e7001b000 r--p 00010000 08:01 1881569                    /usr/lib/libpangoft2-1.0.so.0.4200.3
7f0e7001b000-7f0e7001c000 r--p 00013000 08:01 1881569                    /usr/lib/libpangoft2-1.0.so.0.4200.3
7f0e7001c000-7f0e7001d000 rw-p 00014000 08:01 1881569                    /usr/lib/libpangoft2-1.0.so.0.4200.3
7f0e7001d000-7f0e70022000 r--p 00000000 08:01 1881566                    /usr/lib/libpangocairo-1.0.so.0.4200.3
7f0e70022000-7f0e70028000 r-xp 00005000 08:01 1881566                    /usr/lib/libpangocairo-1.0.so.0.4200.3
7f0e70028000-7f0e7002a000 r--p 0000b000 08:01 1881566                    /usr/lib/libpangocairo-1.0.so.0.4200.3
7f0e7002a000-7f0e7002b000 ---p 0000d000 08:01 1881566                    /usr/lib/libpangocairo-1.0.so.0.4200.3
7f0e7002b000-7f0e7002c000 r--p 0000d000 08:01 1881566                    /usr/lib/libpangocairo-1.0.so.0.4200.3
7f0e7002c000-7f0e7002d000 rw-p 0000e000 08:01 1881566                    /usr/lib/libpangocairo-1.0.so.0.4200.3
7f0e7002d000-7f0e70032000 r--p 00000000 08:01 9700715                    /usr/lib/jvm/java-8-openjdk/jre/lib/amd64/libnet.so
7f0e70032000-7f0e70041000 r-xp 00005000 08:01 9700715                    /usr/lib/jvm/java-8-openjdk/jre/lib/amd64/libnet.so
7f0e70041000-7f0e70045000 r--p 00014000 08:01 9700715                    /usr/lib/jvm/java-8-openjdk/jre/lib/amd64/libnet.so
7f0e70045000-7f0e70046000 r--p 00017000 08:01 9700715                    /usr/lib/jvm/java-8-openjdk/jre/lib/amd64/libnet.so
7f0e70046000-7f0e70047000 rw-p 00018000 08:01 9700715                    /usr/lib/jvm/java-8-openjdk/jre/lib/amd64/libnet.so
7f0e70047000-7f0e70048000 ---p 00000000 00:00 0 
7f0e70048000-7f0e7004b000 ---p 00000000 00:00 0 
7f0e7004b000-7f0e70148000 rw-p 00000000 00:00 0 
7f0e70148000-7f0e7014b000 ---p 00000000 00:00 0 
7f0e7014b000-7f0e70249000 rw-p 00000000 00:00 0 
7f0e70249000-7f0e7025c000 r--s 00346000 08:01 9700778                    /usr/lib/jvm/java-8-openjdk/jre/lib/resources.jar
7f0e7025c000-7f0e702f3000 r--s 008dd000 08:01 9708982                    /usr/lib/jvm/java-8-openjdk/jre/lib/ext/jfxrt.jar
7f0e702f3000-7f0e702f6000 ---p 00000000 00:00 0 
7f0e702f6000-7f0e703f4000 rw-p 00000000 00:00 0 
7f0e703f4000-7f0e703f7000 ---p 00000000 00:00 0 
7f0e703f7000-7f0e704f5000 rw-p 00000000 00:00 0 
7f0e704f5000-7f0e704f8000 ---p 00000000 00:00 0 
7f0e704f8000-7f0e705f6000 rw-p 00000000 00:00 0 
7f0e705f6000-7f0e705f7000 ---p 00000000 00:00 0 
7f0e705f7000-7f0e71000000 rw-p 00000000 00:00 0 
7f0e71000000-7f0e719d0000 rwxp 00000000 00:00 0 
7f0e719d0000-7f0e80000000 ---p 00000000 00:00 0 
7f0e80000000-7f0e803d3000 rw-p 00000000 00:00 0 
7f0e803d3000-7f0e84000000 ---p 00000000 00:00 0 
7f0e84000000-7f0e84001000 r--s 00000000 08:01 139428                     /var/cache/fontconfig/9f169bac-2f41-49d8-9d23-67853c8e1a1c-le64.cache-7
7f0e84001000-7f0e84002000 r--p 00000000 08:01 1851723                    /usr/lib/libgmodule-2.0.so.0.5800.1
7f0e84002000-7f0e84004000 r-xp 00001000 08:01 1851723                    /usr/lib/libgmodule-2.0.so.0.5800.1
7f0e84004000-7f0e84005000 r--p 00003000 08:01 1851723                    /usr/lib/libgmodule-2.0.so.0.5800.1
7f0e84005000-7f0e84006000 r--p 00003000 08:01 1851723                    /usr/lib/libgmodule-2.0.so.0.5800.1
7f0e84006000-7f0e84007000 rw-p 00004000 08:01 1851723                    /usr/lib/libgmodule-2.0.so.0.5800.1
7f0e84007000-7f0e84008000 r--p 00000000 08:01 1851731                    /usr/lib/libgthread-2.0.so.0.5800.1
7f0e84008000-7f0e84009000 r-xp 00001000 08:01 1851731                    /usr/lib/libgthread-2.0.so.0.5800.1
7f0e84009000-7f0e8400a000 r--p 00002000 08:01 1851731                    /usr/lib/libgthread-2.0.so.0.5800.1
7f0e8400a000-7f0e8400b000 r--p 00002000 08:01 1851731                    /usr/lib/libgthread-2.0.so.0.5800.1
7f0e8400b000-7f0e8400c000 rw-p 00003000 08:01 1851731                    /usr/lib/libgthread-2.0.so.0.5800.1
7f0e8400c000-7f0e84660000 rw-p 00000000 00:00 0 
7f0e84660000-7f0e84830000 r--s 03c31000 08:01 9700779                    /usr/lib/jvm/java-8-openjdk/jre/lib/rt.jar
7f0e84830000-7f0e852ec000 rw-p 00000000 00:00 0 
7f0e852ec000-7f0e852ed000 ---p 00000000 00:00 0 
7f0e852ed000-7f0e853ed000 rw-p 00000000 00:00 0 
7f0e853ed000-7f0e853ee000 ---p 00000000 00:00 0 
7f0e853ee000-7f0e854ee000 rw-p 00000000 00:00 0 
7f0e854ee000-7f0e854ef000 ---p 00000000 00:00 0 
7f0e854ef000-7f0e855ef000 rw-p 00000000 00:00 0 
7f0e855ef000-7f0e855f0000 ---p 00000000 00:00 0 
7f0e855f0000-7f0e856ff000 rw-p 00000000 00:00 0 
7f0e856ff000-7f0e85838000 ---p 00000000 00:00 0 
7f0e85838000-7f0e85847000 rw-p 00000000 00:00 0 
7f0e85847000-7f0e8597f000 ---p 00000000 00:00 0 
7f0e8597f000-7f0e85991000 rw-p 00000000 00:00 0 
7f0e85991000-7f0e85a23000 ---p 00000000 00:00 0 
7f0e85a23000-7f0e85a4c000 rw-p 00000000 00:00 0 
7f0e85a4c000-7f0e85de4000 ---p 00000000 00:00 0 
7f0e85de4000-7f0e85de7000 r--p 00000000 08:01 1838025                    /usr/lib/libnss_files-2.28.so
7f0e85de7000-7f0e85dee000 r-xp 00003000 08:01 1838025                    /usr/lib/libnss_files-2.28.so
7f0e85dee000-7f0e85df1000 r--p 0000a000 08:01 1838025                    /usr/lib/libnss_files-2.28.so
7f0e85df1000-7f0e85df2000 r--p 0000c000 08:01 1838025                    /usr/lib/libnss_files-2.28.so
7f0e85df2000-7f0e85df3000 rw-p 0000d000 08:01 1838025                    /usr/lib/libnss_files-2.28.so
7f0e85df3000-7f0e85df9000 rw-p 00000000 00:00 0 
7f0e85df9000-7f0e85dfa000 r--s 00000000 08:01 139427                     /var/cache/fontconfig/ff15f1bb-2241-4472-b5fb-f3b4365158ce-le64.cache-7
7f0e85dfa000-7f0e85dfb000 rw-s 00000000 00:05 8581550                    /memfd:xshmfence (deleted)
7f0e85dfb000-7f0e85dfc000 rwxp 00000000 00:00 0 
7f0e85dfc000-7f0e85dfd000 rw-s 10d3c9000 00:06 14466                     /dev/dri/card0
7f0e85dfd000-7f0e85dff000 r--s 0001a000 08:01 3150209                    /usr/share/idea/lib/idea_rt.jar
7f0e85dff000-7f0e85e00000 r--s 0000f000 08:01 10879665                   /home/dzordzu/.m2/repository/org/json/json/20180813/json-20180813.jar
7f0e85e00000-7f0e85e01000 r--s 00000000 08:01 9700769                    /usr/lib/jvm/java-8-openjdk/jre/lib/management-agent.jar
7f0e85e01000-7f0e85e06000 r--s 0009d000 08:01 9700765                    /usr/lib/jvm/java-8-openjdk/jre/lib/jsse.jar
7f0e85e06000-7f0e85e08000 r--s 00016000 08:01 9700763                    /usr/lib/jvm/java-8-openjdk/jre/lib/jce.jar
7f0e85e08000-7f0e85e1c000 rw-p 00000000 00:00 0 
7f0e85e1c000-7f0e85e1f000 r--p 00000000 08:01 9700723                    /usr/lib/jvm/java-8-openjdk/jre/lib/amd64/libzip.so
7f0e85e1f000-7f0e85e23000 r-xp 00003000 08:01 9700723                    /usr/lib/jvm/java-8-openjdk/jre/lib/amd64/libzip.so
7f0e85e23000-7f0e85e25000 r--p 00007000 08:01 9700723                    /usr/lib/jvm/java-8-openjdk/jre/lib/amd64/libzip.so
7f0e85e25000-7f0e85e26000 r--p 00008000 08:01 9700723                    /usr/lib/jvm/java-8-openjdk/jre/lib/amd64/libzip.so
7f0e85e26000-7f0e85e27000 rw-p 00009000 08:01 9700723                    /usr/lib/jvm/java-8-openjdk/jre/lib/amd64/libzip.so
7f0e85e27000-7f0e85e34000 r--p 00000000 08:01 9700705                    /usr/lib/jvm/java-8-openjdk/jre/lib/amd64/libjava.so
7f0e85e34000-7f0e85e4d000 r-xp 0000d000 08:01 9700705                    /usr/lib/jvm/java-8-openjdk/jre/lib/amd64/libjava.so
7f0e85e4d000-7f0e85e54000 r--p 00026000 08:01 9700705                    /usr/lib/jvm/java-8-openjdk/jre/lib/amd64/libjava.so
7f0e85e54000-7f0e85e55000 ---p 0002d000 08:01 9700705                    /usr/lib/jvm/java-8-openjdk/jre/lib/amd64/libjava.so
7f0e85e55000-7f0e85e56000 r--p 0002d000 08:01 9700705                    /usr/lib/jvm/java-8-openjdk/jre/lib/amd64/libjava.so
7f0e85e56000-7f0e85e57000 rw-p 0002e000 08:01 9700705                    /usr/lib/jvm/java-8-openjdk/jre/lib/amd64/libjava.so
7f0e85e57000-7f0e85e58000 rw-p 00000000 00:00 0 
7f0e85e58000-7f0e85e5a000 r--p 00000000 08:01 1838044                    /usr/lib/librt-2.28.so
7f0e85e5a000-7f0e85e5e000 r-xp 00002000 08:01 1838044                    /usr/lib/librt-2.28.so
7f0e85e5e000-7f0e85e60000 r--p 00006000 08:01 1838044                    /usr/lib/librt-2.28.so
7f0e85e60000-7f0e85e61000 r--p 00007000 08:01 1838044                    /usr/lib/librt-2.28.so
7f0e85e61000-7f0e85e62000 rw-p 00008000 08:01 1838044                    /usr/lib/librt-2.28.so
7f0e85e62000-7f0e85e63000 ---p 00000000 00:00 0 
7f0e85e63000-7f0e85e66000 ---p 00000000 00:00 0 
7f0e85e66000-7f0e85f63000 rw-p 00000000 00:00 0 
7f0e85f63000-7f0e85f70000 r--p 00000000 08:01 1837987                    /usr/lib/libm-2.28.so
7f0e85f70000-7f0e86011000 r-xp 0000d000 08:01 1837987                    /usr/lib/libm-2.28.so
7f0e86011000-7f0e860e6000 r--p 000ae000 08:01 1837987                    /usr/lib/libm-2.28.so
7f0e860e6000-7f0e860e7000 r--p 00182000 08:01 1837987                    /usr/lib/libm-2.28.so
7f0e860e7000-7f0e860e8000 rw-p 00183000 08:01 1837987                    /usr/lib/libm-2.28.so
7f0e860e8000-7f0e862d8000 r--p 00000000 08:01 9700727                    /usr/lib/jvm/java-8-openjdk/jre/lib/amd64/server/libjvm.so
7f0e862d8000-7f0e86b45000 r-xp 001f0000 08:01 9700727                    /usr/lib/jvm/java-8-openjdk/jre/lib/amd64/server/libjvm.so
7f0e86b45000-7f0e86ce3000 r--p 00a5d000 08:01 9700727                    /usr/lib/jvm/java-8-openjdk/jre/lib/amd64/server/libjvm.so
7f0e86ce3000-7f0e86ce4000 ---p 00bfb000 08:01 9700727                    /usr/lib/jvm/java-8-openjdk/jre/lib/amd64/server/libjvm.so
7f0e86ce4000-7f0e86d79000 r--p 00bfb000 08:01 9700727                    /usr/lib/jvm/java-8-openjdk/jre/lib/amd64/server/libjvm.so
7f0e86d79000-7f0e86da1000 rw-p 00c90000 08:01 9700727                    /usr/lib/jvm/java-8-openjdk/jre/lib/amd64/server/libjvm.so
7f0e86da1000-7f0e86dd3000 rw-p 00000000 00:00 0 
7f0e86dd3000-7f0e86dd9000 r--p 00000000 08:01 1838035                    /usr/lib/libpthread-2.28.so
7f0e86dd9000-7f0e86de8000 r-xp 00006000 08:01 1838035                    /usr/lib/libpthread-2.28.so
7f0e86de8000-7f0e86dee000 r--p 00015000 08:01 1838035                    /usr/lib/libpthread-2.28.so
7f0e86dee000-7f0e86def000 r--p 0001a000 08:01 1838035                    /usr/lib/libpthread-2.28.so
7f0e86def000-7f0e86df0000 rw-p 0001b000 08:01 1838035                    /usr/lib/libpthread-2.28.so
7f0e86df0000-7f0e86df4000 rw-p 00000000 00:00 0 
7f0e86df4000-7f0e86df5000 r--p 00000000 08:01 1837979                    /usr/lib/libdl-2.28.so
7f0e86df5000-7f0e86df6000 r-xp 00001000 08:01 1837979                    /usr/lib/libdl-2.28.so
7f0e86df6000-7f0e86df7000 r--p 00002000 08:01 1837979                    /usr/lib/libdl-2.28.so
7f0e86df7000-7f0e86df8000 r--p 00002000 08:01 1837979                    /usr/lib/libdl-2.28.so
7f0e86df8000-7f0e86df9000 rw-p 00003000 08:01 1837979                    /usr/lib/libdl-2.28.so
7f0e86df9000-7f0e86e0f000 r-xp 00000000 08:01 1848786                    /usr/lib/libz.so.1.2.11
7f0e86e0f000-7f0e8700e000 ---p 00016000 08:01 1848786                    /usr/lib/libz.so.1.2.11
7f0e8700e000-7f0e8700f000 r--p 00015000 08:01 1848786                    /usr/lib/libz.so.1.2.11
7f0e8700f000-7f0e87010000 rw-p 00016000 08:01 1848786                    /usr/lib/libz.so.1.2.11
7f0e87010000-7f0e87032000 r--p 00000000 08:01 1837968                    /usr/lib/libc-2.28.so
7f0e87032000-7f0e8717d000 r-xp 00022000 08:01 1837968                    /usr/lib/libc-2.28.so
7f0e8717d000-7f0e871c9000 r--p 0016d000 08:01 1837968                    /usr/lib/libc-2.28.so
7f0e871c9000-7f0e871ca000 ---p 001b9000 08:01 1837968                    /usr/lib/libc-2.28.so
7f0e871ca000-7f0e871ce000 r--p 001b9000 08:01 1837968                    /usr/lib/libc-2.28.so
7f0e871ce000-7f0e871d0000 rw-p 001bd000 08:01 1837968                    /usr/lib/libc-2.28.so
7f0e871d0000-7f0e871d4000 rw-p 00000000 00:00 0 
7f0e871d4000-7f0e871d5000 r--s 00009000 08:01 9708981                    /usr/lib/jvm/java-8-openjdk/jre/lib/jfxswt.jar
7f0e871d5000-7f0e871da000 r--s 002f9000 08:01 9700730                    /usr/lib/jvm/java-8-openjdk/jre/lib/charsets.jar
7f0e871da000-7f0e871e2000 rw-s 00000000 00:2a 8516850                    /tmp/hsperfdata_dzordzu/28463
7f0e871e2000-7f0e871e4000 r--p 00000000 08:01 9700700                    /usr/lib/jvm/java-8-openjdk/jre/lib/amd64/libinstrument.so
7f0e871e4000-7f0e871ea000 r-xp 00002000 08:01 9700700                    /usr/lib/jvm/java-8-openjdk/jre/lib/amd64/libinstrument.so
7f0e871ea000-7f0e871ed000 r--p 00008000 08:01 9700700                    /usr/lib/jvm/java-8-openjdk/jre/lib/amd64/libinstrument.so
7f0e871ed000-7f0e871ee000 r--p 0000a000 08:01 9700700                    /usr/lib/jvm/java-8-openjdk/jre/lib/amd64/libinstrument.so
7f0e871ee000-7f0e871ef000 rw-p 0000b000 08:01 9700700                    /usr/lib/jvm/java-8-openjdk/jre/lib/amd64/libinstrument.so
7f0e871ef000-7f0e871f0000 rw-p 00000000 00:00 0 
7f0e871f0000-7f0e871f1000 r--p 00000000 00:00 0 
7f0e871f1000-7f0e871f6000 r--p 00000000 08:01 9700722                    /usr/lib/jvm/java-8-openjdk/jre/lib/amd64/libverify.so
7f0e871f6000-7f0e871fd000 r-xp 00005000 08:01 9700722                    /usr/lib/jvm/java-8-openjdk/jre/lib/amd64/libverify.so
7f0e871fd000-7f0e871ff000 r--p 0000c000 08:01 9700722                    /usr/lib/jvm/java-8-openjdk/jre/lib/amd64/libverify.so
7f0e871ff000-7f0e87201000 r--p 0000d000 08:01 9700722                    /usr/lib/jvm/java-8-openjdk/jre/lib/amd64/libverify.so
7f0e87201000-7f0e87202000 rw-p 0000f000 08:01 9700722                    /usr/lib/jvm/java-8-openjdk/jre/lib/amd64/libverify.so
7f0e87202000-7f0e87204000 r--p 00000000 08:01 9700691                    /usr/lib/jvm/java-8-openjdk/jre/lib/amd64/jli/libjli.so
7f0e87204000-7f0e8720d000 r-xp 00002000 08:01 9700691                    /usr/lib/jvm/java-8-openjdk/jre/lib/amd64/jli/libjli.so
7f0e8720d000-7f0e87210000 r--p 0000b000 08:01 9700691                    /usr/lib/jvm/java-8-openjdk/jre/lib/amd64/jli/libjli.so
7f0e87210000-7f0e87211000 r--p 0000d000 08:01 9700691                    /usr/lib/jvm/java-8-openjdk/jre/lib/amd64/jli/libjli.so
7f0e87211000-7f0e87212000 rw-p 0000e000 08:01 9700691                    /usr/lib/jvm/java-8-openjdk/jre/lib/amd64/jli/libjli.so
7f0e87212000-7f0e87214000 rw-p 00000000 00:00 0 
7f0e87214000-7f0e87216000 r--p 00000000 08:01 1837956                    /usr/lib/ld-2.28.so
7f0e87216000-7f0e87235000 r-xp 00002000 08:01 1837956                    /usr/lib/ld-2.28.so
7f0e87235000-7f0e8723d000 r--p 00021000 08:01 1837956                    /usr/lib/ld-2.28.so
7f0e8723d000-7f0e8723e000 r--p 00028000 08:01 1837956                    /usr/lib/ld-2.28.so
7f0e8723e000-7f0e8723f000 rw-p 00029000 08:01 1837956                    /usr/lib/ld-2.28.so
7f0e8723f000-7f0e87240000 rw-p 00000000 00:00 0 
7ffe0162a000-7ffe0164b000 rw-p 00000000 00:00 0                          [stack]
7ffe017be000-7ffe017c1000 r--p 00000000 00:00 0                          [vvar]
7ffe017c1000-7ffe017c3000 r-xp 00000000 00:00 0                          [vdso]

VM Arguments:
jvm_args: -javaagent:/usr/share/idea/lib/idea_rt.jar=43407:/usr/share/idea/bin -Dfile.encoding=UTF-8 
java_command: gui.Main
java_class_path (initial): /usr/lib/jvm/java-8-openjdk/jre/lib/charsets.jar:/usr/lib/jvm/java-8-openjdk/jre/lib/ext/cldrdata.jar:/usr/lib/jvm/java-8-openjdk/jre/lib/ext/dnsns.jar:/usr/lib/jvm/java-8-openjdk/jre/lib/ext/jaccess.jar:/usr/lib/jvm/java-8-openjdk/jre/lib/ext/jfxrt.jar:/usr/lib/jvm/java-8-openjdk/jre/lib/ext/localedata.jar:/usr/lib/jvm/java-8-openjdk/jre/lib/ext/nashorn.jar:/usr/lib/jvm/java-8-openjdk/jre/lib/ext/sunec.jar:/usr/lib/jvm/java-8-openjdk/jre/lib/ext/sunjce_provider.jar:/usr/lib/jvm/java-8-openjdk/jre/lib/ext/sunpkcs11.jar:/usr/lib/jvm/java-8-openjdk/jre/lib/ext/zipfs.jar:/usr/lib/jvm/java-8-openjdk/jre/lib/jce.jar:/usr/lib/jvm/java-8-openjdk/jre/lib/jfxswt.jar:/usr/lib/jvm/java-8-openjdk/jre/lib/jsse.jar:/usr/lib/jvm/java-8-openjdk/jre/lib/management-agent.jar:/usr/lib/jvm/java-8-openjdk/jre/lib/resources.jar:/usr/lib/jvm/java-8-openjdk/jre/lib/rt.jar:/home/dzordzu/eclipse-workspace/BERP/target/classes:/home/dzordzu/.m2/repository/org/json/json/20180813/json-20180813.jar:/usr/share/idea/lib/idea_rt.jar
Launcher Type: SUN_STANDARD

Environment Variables:
PATH=/usr/local/bin:/usr/local/sbin:/usr/bin:/usr/lib/jvm/default/bin:/usr/bin/site_perl:/usr/bin/vendor_perl:/usr/bin/core_perl
USERNAME=dzordzu
SHELL=/bin/bash
DISPLAY=:0

Signal Handlers:
SIGSEGV: [libjvm.so+0xa2bc40], sa_mask[0]=11111111011111111101111111111110, sa_flags=SA_RESTART|SA_SIGINFO
SIGBUS: [libjvm.so+0xa2bc40], sa_mask[0]=11111111011111111101111111111110, sa_flags=SA_RESTART|SA_SIGINFO
SIGFPE: [libjvm.so+0x8882f0], sa_mask[0]=11111111011111111101111111111110, sa_flags=SA_RESTART|SA_SIGINFO
SIGPIPE: SIG_IGN, sa_mask[0]=00000000000010000000000000000000, sa_flags=SA_RESTART
SIGXFSZ: [libjvm.so+0x8882f0], sa_mask[0]=11111111011111111101111111111110, sa_flags=SA_RESTART|SA_SIGINFO
SIGILL: [libjvm.so+0x8882f0], sa_mask[0]=11111111011111111101111111111110, sa_flags=SA_RESTART|SA_SIGINFO
SIGUSR1: SIG_DFL, sa_mask[0]=00000000000000000000000000000000, sa_flags=none
SIGUSR2: [libjvm.so+0x888180], sa_mask[0]=00100000000000000000000000000000, sa_flags=SA_RESTART|SA_SIGINFO
SIGHUP: SIG_IGN, sa_mask[0]=00000000000000000000000000000000, sa_flags=none
SIGINT: [libjvm.so+0x8883b0], sa_mask[0]=11111111011111111101111111111110, sa_flags=SA_RESTART|SA_SIGINFO
SIGTERM: [libjvm.so+0x8883b0], sa_mask[0]=11111111011111111101111111111110, sa_flags=SA_RESTART|SA_SIGINFO
SIGQUIT: [libjvm.so+0x8883b0], sa_mask[0]=11111111011111111101111111111110, sa_flags=SA_RESTART|SA_SIGINFO


---------------  S Y S T E M  ---------------

OS:LSB_VERSION=1.4
DISTRIB_ID=Arch
DISTRIB_RELEASE=rolling
DISTRIB_DESCRIPTION="Arch Linux"

uname:Linux 4.18.12-arch1-1-ARCH #1 SMP PREEMPT Thu Oct 4 01:01:27 UTC 2018 x86_64
libc:glibc 2.28 NPTL 2.28 
rlimit: STACK 8192k, CORE infinity, NPROC 15654, NOFILE 4096, AS infinity
load average:1,77 1,15 1,10

/proc/meminfo:
MemTotal:        4020936 kB
MemFree:          115680 kB
MemAvailable:     364440 kB
Buffers:           30580 kB
Cached:           452976 kB
SwapCached:        31968 kB
Active:          2707288 kB
Inactive:         790092 kB
Active(anon):    2426584 kB
Inactive(anon):   644656 kB
Active(file):     280704 kB
Inactive(file):   145436 kB
Unevictable:           0 kB
Mlocked:               0 kB
SwapTotal:       2097148 kB
SwapFree:        1426856 kB
Dirty:              2980 kB
Writeback:             0 kB
AnonPages:       3010116 kB
Mapped:           252252 kB
Shmem:             57276 kB
Slab:             128212 kB
SReclaimable:      55208 kB
SUnreclaim:        73004 kB
KernelStack:       13088 kB
PageTables:        35132 kB
NFS_Unstable:          0 kB
Bounce:                0 kB
WritebackTmp:          0 kB
CommitLimit:     4107616 kB
Committed_AS:    9770840 kB
VmallocTotal:   34359738367 kB
VmallocUsed:           0 kB
VmallocChunk:          0 kB
HardwareCorrupted:     0 kB
AnonHugePages:         0 kB
ShmemHugePages:        0 kB
ShmemPmdMapped:        0 kB
HugePages_Total:       0
HugePages_Free:        0
HugePages_Rsvd:        0
HugePages_Surp:        0
Hugepagesize:       2048 kB
Hugetlb:               0 kB
DirectMap4k:      743680 kB
DirectMap2M:     3432448 kB


CPU:total 4 (initial active 4) (2 cores per cpu, 2 threads per core) family 6 model 42 stepping 7, cmov, cx8, fxsr, mmx, sse, sse2, sse3, ssse3, sse4.1, sse4.2, popcnt, avx, clmul, ht, tsc, tscinvbit

/proc/cpuinfo:
processor	: 0
vendor_id	: GenuineIntel
cpu family	: 6
model		: 42
model name	: Intel(R) Core(TM) i3-2310M CPU @ 2.10GHz
stepping	: 7
microcode	: 0x2e
cpu MHz		: 2095.372
cache size	: 3072 KB
physical id	: 0
siblings	: 4
core id		: 0
cpu cores	: 2
apicid		: 0
initial apicid	: 0
fpu		: yes
fpu_exception	: yes
cpuid level	: 13
wp		: yes
flags		: fpu vme de pse tsc msr pae mce cx8 apic sep mtrr pge mca cmov pat pse36 clflush dts acpi mmx fxsr sse sse2 ss ht tm pbe syscall nx rdtscp lm constant_tsc arch_perfmon pebs bts rep_good nopl xtopology nonstop_tsc cpuid aperfmperf pni pclmulqdq dtes64 monitor ds_cpl vmx est tm2 ssse3 cx16 xtpr pdcm pcid sse4_1 sse4_2 x2apic popcnt tsc_deadline_timer xsave avx lahf_lm epb pti ssbd ibrs ibpb stibp tpr_shadow vnmi flexpriority ept vpid xsaveopt dtherm arat pln pts flush_l1d
bugs		: cpu_meltdown spectre_v1 spectre_v2 spec_store_bypass l1tf
bogomips	: 4192.33
clflush size	: 64
cache_alignment	: 64
address sizes	: 36 bits physical, 48 bits virtual
power management:

processor	: 1
vendor_id	: GenuineIntel
cpu family	: 6
model		: 42
model name	: Intel(R) Core(TM) i3-2310M CPU @ 2.10GHz
stepping	: 7
microcode	: 0x2e
cpu MHz		: 2095.415
cache size	: 3072 KB
physical id	: 0
siblings	: 4
core id		: 0
cpu cores	: 2
apicid		: 1
initial apicid	: 1
fpu		: yes
fpu_exception	: yes
cpuid level	: 13
wp		: yes
flags		: fpu vme de pse tsc msr pae mce cx8 apic sep mtrr pge mca cmov pat pse36 clflush dts acpi mmx fxsr sse sse2 ss ht tm pbe syscall nx rdtscp lm constant_tsc arch_perfmon pebs bts rep_good nopl xtopology nonstop_tsc cpuid aperfmperf pni pclmulqdq dtes64 monitor ds_cpl vmx est tm2 ssse3 cx16 xtpr pdcm pcid sse4_1 sse4_2 x2apic popcnt tsc_deadline_timer xsave avx lahf_lm epb pti ssbd ibrs ibpb stibp tpr_shadow vnmi flexpriority ept vpid xsaveopt dtherm arat pln pts flush_l1d
bugs		: cpu_meltdown spectre_v1 spectre_v2 spec_store_bypass l1tf
bogomips	: 4192.33
clflush size	: 64
cache_alignment	: 64
address sizes	: 36 bits physical, 48 bits virtual
power management:

processor	: 2
vendor_id	: GenuineIntel
cpu family	: 6
model		: 42
model name	: Intel(R) Core(TM) i3-2310M CPU @ 2.10GHz
stepping	: 7
microcode	: 0x2e
cpu MHz		: 2095.358
cache size	: 3072 KB
physical id	: 0
siblings	: 4
core id		: 1
cpu cores	: 2
apicid		: 2
initial apicid	: 2
fpu		: yes
fpu_exception	: yes
cpuid level	: 13
wp		: yes
flags		: fpu vme de pse tsc msr pae mce cx8 apic sep mtrr pge mca cmov pat pse36 clflush dts acpi mmx fxsr sse sse2 ss ht tm pbe syscall nx rdtscp lm constant_tsc arch_perfmon pebs bts rep_good nopl xtopology nonstop_tsc cpuid aperfmperf pni pclmulqdq dtes64 monitor ds_cpl vmx est tm2 ssse3 cx16 xtpr pdcm pcid sse4_1 sse4_2 x2apic popcnt tsc_deadline_timer xsave avx lahf_lm epb pti ssbd ibrs ibpb stibp tpr_shadow vnmi flexpriority ept vpid xsaveopt dtherm arat pln pts flush_l1d
bugs		: cpu_meltdown spectre_v1 spectre_v2 spec_store_bypass l1tf
bogomips	: 4192.33
clflush size	: 64
cache_alignment	: 64
address sizes	: 36 bits physical, 48 bits virtual
power management:

processor	: 3
vendor_id	: GenuineIntel
cpu family	: 6
model		: 42
model name	: Intel(R) Core(TM) i3-2310M CPU @ 2.10GHz
stepping	: 7
microcode	: 0x2e
cpu MHz		: 2095.363
cache size	: 3072 KB
physical id	: 0
siblings	: 4
core id		: 1
cpu cores	: 2
apicid		: 3
initial apicid	: 3
fpu		: yes
fpu_exception	: yes
cpuid level	: 13
wp		: yes
flags		: fpu vme de pse tsc msr pae mce cx8 apic sep mtrr pge mca cmov pat pse36 clflush dts acpi mmx fxsr sse sse2 ss ht tm pbe syscall nx rdtscp lm constant_tsc arch_perfmon pebs bts rep_good nopl xtopology nonstop_tsc cpuid aperfmperf pni pclmulqdq dtes64 monitor ds_cpl vmx est tm2 ssse3 cx16 xtpr pdcm pcid sse4_1 sse4_2 x2apic popcnt tsc_deadline_timer xsave avx lahf_lm epb pti ssbd ibrs ibpb stibp tpr_shadow vnmi flexpriority ept vpid xsaveopt dtherm arat pln pts flush_l1d
bugs		: cpu_meltdown spectre_v1 spectre_v2 spec_store_bypass l1tf
bogomips	: 4192.33
clflush size	: 64
cache_alignment	: 64
address sizes	: 36 bits physical, 48 bits virtual
power management:



Memory: 4k page, physical 4020936k(113348k free), swap 2097148k(1426856k free)

vm_info: OpenJDK 64-Bit Server VM (25.181-b13) for linux-amd64 JRE (1.8.0_181-b13), built on Aug 10 2018 18:36:50 by "builduser" with gcc 8.2.0

time: Tue Oct  9 07:14:03 2018
elapsed time: 18 seconds (0d 0h 0m 18s)

